This is pdfTeX, Version 3.14159265-2.6-1.40.19 (MiKTeX 2.9.6840) (preloaded format=pdflatex 2019.1.21)  21 FEB 2019 11:33
entering extended mode
**./presentacionTesis.tex
(presentacionTesis.tex
LaTeX2e <2018-12-01>
(/home/evelyn/.miktex/texmfs/install/tex/latex/beamer/beamer.cls
Document Class: beamer 2018/12/02 v3.55 A class for typesetting presentations
(/home/evelyn/.miktex/texmfs/install/tex/latex/beamer/beamerbasemodes.sty
(/home/evelyn/.miktex/texmfs/install/tex/latex/etoolbox/etoolbox.sty
Package: etoolbox 2018/08/19 v2.5f e-TeX tools for LaTeX (JAW)
\etb@tempcnta=\count80
)
\beamer@tempbox=\box27
\beamer@tempcount=\count81
\c@beamerpauses=\count82

(/home/evelyn/.miktex/texmfs/install/tex/latex/beamer/beamerbasedecode.sty
\beamer@slideinframe=\count83
\beamer@minimum=\count84
)
\beamer@commentbox=\box28
\beamer@modecount=\count85
)
(/home/evelyn/.miktex/texmfs/install/tex/generic/oberdiek/ifpdf.sty
Package: ifpdf 2018/09/07 v3.3 Provides the ifpdf switch
)
\headdp=\dimen102
\footheight=\dimen103
\sidebarheight=\dimen104
\beamer@tempdim=\dimen105
\beamer@finalheight=\dimen106
\beamer@animht=\dimen107
\beamer@animdp=\dimen108
\beamer@animwd=\dimen109
\beamer@leftmargin=\dimen110
\beamer@rightmargin=\dimen111
\beamer@leftsidebar=\dimen112
\beamer@rightsidebar=\dimen113
\beamer@boxsize=\dimen114
\beamer@vboxoffset=\dimen115
\beamer@descdefault=\dimen116
\beamer@descriptionwidth=\dimen117
\beamer@lastskip=\skip41
\beamer@areabox=\box29
\beamer@animcurrent=\box30
\beamer@animshowbox=\box31
\beamer@sectionbox=\box32
\beamer@logobox=\box33
\beamer@linebox=\box34
\beamer@sectioncount=\count86
\beamer@subsubsectionmax=\count87
\beamer@subsectionmax=\count88
\beamer@sectionmax=\count89
\beamer@totalheads=\count90
\beamer@headcounter=\count91
\beamer@partstartpage=\count92
\beamer@sectionstartpage=\count93
\beamer@subsectionstartpage=\count94
\beamer@animationtempa=\count95
\beamer@animationtempb=\count96
\beamer@xpos=\count97
\beamer@ypos=\count98
\beamer@ypos@offset=\count99
\beamer@showpartnumber=\count100
\beamer@currentsubsection=\count101
\beamer@coveringdepth=\count102
\beamer@sectionadjust=\count103
\beamer@tocsectionnumber=\count104

(/home/evelyn/.miktex/texmfs/install/tex/latex/beamer/beamerbaseoptions.sty
(/home/evelyn/.miktex/texmfs/install/tex/latex/graphics/keyval.sty
Package: keyval 2014/10/28 v1.15 key=value parser (DPC)
\KV@toks@=\toks14
))
\beamer@paperwidth=\skip42
\beamer@paperheight=\skip43

(/home/evelyn/.miktex/texmfs/install/tex/latex/geometry-de/geometry.sty
Package: geometry 2010/09/12 v5.6 Page Geometry

(/home/evelyn/.miktex/texmfs/install/tex/generic/oberdiek/ifvtex.sty
Package: ifvtex 2016/05/16 v1.6 Detect VTeX and its facilities (HO)
Package ifvtex Info: VTeX not detected.
)
(/home/evelyn/.miktex/texmfs/install/tex/generic/ifxetex/ifxetex.sty
Package: ifxetex 2010/09/12 v0.6 Provides ifxetex conditional
)
\Gm@cnth=\count105
\Gm@cntv=\count106
\c@Gm@tempcnt=\count107
\Gm@bindingoffset=\dimen118
\Gm@wd@mp=\dimen119
\Gm@odd@mp=\dimen120
\Gm@even@mp=\dimen121
\Gm@layoutwidth=\dimen122
\Gm@layoutheight=\dimen123
\Gm@layouthoffset=\dimen124
\Gm@layoutvoffset=\dimen125
\Gm@dimlist=\toks15

(/home/evelyn/.miktex/texmfs/install/tex/latex/geometry/geometry.cfg))
(/home/evelyn/.miktex/texmfs/install/tex/latex/base/size11.clo
File: size11.clo 2018/09/03 v1.4i Standard LaTeX file (size option)
)
(/home/evelyn/.miktex/texmfs/install/tex/latex/pgf/basiclayer/pgfcore.sty
(/home/evelyn/.miktex/texmfs/install/tex/latex/graphics/graphicx.sty
Package: graphicx 2017/06/01 v1.1a Enhanced LaTeX Graphics (DPC,SPQR)

(/home/evelyn/.miktex/texmfs/install/tex/latex/graphics/graphics.sty
Package: graphics 2017/06/25 v1.2c Standard LaTeX Graphics (DPC,SPQR)

(/home/evelyn/.miktex/texmfs/install/tex/latex/graphics/trig.sty
Package: trig 2016/01/03 v1.10 sin cos tan (DPC)
)
(/home/evelyn/.miktex/texmfs/install/tex/latex/graphics-cfg/graphics.cfg
File: graphics.cfg 2016/06/04 v1.11 sample graphics configuration
)
Package graphics Info: Driver file: pdftex.def on input line 99.

(/home/evelyn/.miktex/texmfs/install/tex/latex/graphics-def/pdftex.def
File: pdftex.def 2018/01/08 v1.0l Graphics/color driver for pdftex
))
\Gin@req@height=\dimen126
\Gin@req@width=\dimen127
)
(/home/evelyn/.miktex/texmfs/install/tex/latex/pgf/systemlayer/pgfsys.sty
(/home/evelyn/.miktex/texmfs/install/tex/latex/pgf/utilities/pgfrcs.sty
(/home/evelyn/.miktex/texmfs/install/tex/generic/pgf/utilities/pgfutil-common.t
ex
\pgfutil@everybye=\toks16
\pgfutil@tempdima=\dimen128
\pgfutil@tempdimb=\dimen129

(/home/evelyn/.miktex/texmfs/install/tex/generic/pgf/utilities/pgfutil-common-l
ists.tex))
(/home/evelyn/.miktex/texmfs/install/tex/generic/pgf/utilities/pgfutil-latex.de
f
\pgfutil@abb=\box35
 (/home/evelyn/.miktex/texmfs/install/tex/latex/ms/everyshi.sty
Package: everyshi 2001/05/15 v3.00 EveryShipout Package (MS)
))
(/home/evelyn/.miktex/texmfs/install/tex/generic/pgf/utilities/pgfrcs.code.tex
(/home/evelyn/.miktex/texmfs/install/tex/generic/pgf/pgf.revision.tex)
Package: pgfrcs 2019/02/02 v3.1.1 (3.1.1)
))
(/home/evelyn/.miktex/texmfs/install/tex/generic/pgf/systemlayer/pgfsys.code.te
x
Package: pgfsys 2019/02/02 v3.1.1 (3.1.1)

(/home/evelyn/.miktex/texmfs/install/tex/generic/pgf/utilities/pgfkeys.code.tex
\pgfkeys@pathtoks=\toks17
\pgfkeys@temptoks=\toks18

(/home/evelyn/.miktex/texmfs/install/tex/generic/pgf/utilities/pgfkeysfiltered.
code.tex
\pgfkeys@tmptoks=\toks19
))
\pgf@x=\dimen130
\pgf@y=\dimen131
\pgf@xa=\dimen132
\pgf@ya=\dimen133
\pgf@xb=\dimen134
\pgf@yb=\dimen135
\pgf@xc=\dimen136
\pgf@yc=\dimen137
\w@pgf@writea=\write3
\r@pgf@reada=\read1
\c@pgf@counta=\count108
\c@pgf@countb=\count109
\c@pgf@countc=\count110
\c@pgf@countd=\count111
\t@pgf@toka=\toks20
\t@pgf@tokb=\toks21
\t@pgf@tokc=\toks22
\pgf@sys@id@count=\count112

(/home/evelyn/.miktex/texmfs/install/tex/generic/pgf/systemlayer/pgf.cfg
File: pgf.cfg 2019/02/02 v3.1.1 (3.1.1)
)
Driver file for pgf: pgfsys-pdftex.def

(/home/evelyn/.miktex/texmfs/install/tex/generic/pgf/systemlayer/pgfsys-pdftex.
def
File: pgfsys-pdftex.def 2019/02/02 v3.1.1 (3.1.1)

(/home/evelyn/.miktex/texmfs/install/tex/generic/pgf/systemlayer/pgfsys-common-
pdf.def
File: pgfsys-common-pdf.def 2019/02/02 v3.1.1 (3.1.1)
)))
(/home/evelyn/.miktex/texmfs/install/tex/generic/pgf/systemlayer/pgfsyssoftpath
.code.tex
File: pgfsyssoftpath.code.tex 2019/02/02 v3.1.1 (3.1.1)
\pgfsyssoftpath@smallbuffer@items=\count113
\pgfsyssoftpath@bigbuffer@items=\count114
)
(/home/evelyn/.miktex/texmfs/install/tex/generic/pgf/systemlayer/pgfsysprotocol
.code.tex
File: pgfsysprotocol.code.tex 2019/02/02 v3.1.1 (3.1.1)
)) (/home/evelyn/.miktex/texmfs/install/tex/latex/xcolor/xcolor.sty
Package: xcolor 2016/05/11 v2.12 LaTeX color extensions (UK)

(/home/evelyn/.miktex/texmfs/install/tex/latex/graphics-cfg/color.cfg
File: color.cfg 2016/01/02 v1.6 sample color configuration
)
Package xcolor Info: Driver file: pdftex.def on input line 225.
Package xcolor Info: Model `cmy' substituted by `cmy0' on input line 1348.
Package xcolor Info: Model `hsb' substituted by `rgb' on input line 1352.
Package xcolor Info: Model `RGB' extended on input line 1364.
Package xcolor Info: Model `HTML' substituted by `rgb' on input line 1366.
Package xcolor Info: Model `Hsb' substituted by `hsb' on input line 1367.
Package xcolor Info: Model `tHsb' substituted by `hsb' on input line 1368.
Package xcolor Info: Model `HSB' substituted by `hsb' on input line 1369.
Package xcolor Info: Model `Gray' substituted by `gray' on input line 1370.
Package xcolor Info: Model `wave' substituted by `hsb' on input line 1371.
)
(/home/evelyn/.miktex/texmfs/install/tex/generic/pgf/basiclayer/pgfcore.code.te
x
Package: pgfcore 2019/02/02 v3.1.1 (3.1.1)
 (/home/evelyn/.miktex/texmfs/install/tex/generic/pgf/math/pgfmath.code.tex
(/home/evelyn/.miktex/texmfs/install/tex/generic/pgf/math/pgfmathcalc.code.tex
(/home/evelyn/.miktex/texmfs/install/tex/generic/pgf/math/pgfmathutil.code.tex)

(/home/evelyn/.miktex/texmfs/install/tex/generic/pgf/math/pgfmathparser.code.te
x
\pgfmath@dimen=\dimen138
\pgfmath@count=\count115
\pgfmath@box=\box36
\pgfmath@toks=\toks23
\pgfmath@stack@operand=\toks24
\pgfmath@stack@operation=\toks25
)
(/home/evelyn/.miktex/texmfs/install/tex/generic/pgf/math/pgfmathfunctions.code
.tex
(/home/evelyn/.miktex/texmfs/install/tex/generic/pgf/math/pgfmathfunctions.basi
c.code.tex)
(/home/evelyn/.miktex/texmfs/install/tex/generic/pgf/math/pgfmathfunctions.trig
onometric.code.tex)
(/home/evelyn/.miktex/texmfs/install/tex/generic/pgf/math/pgfmathfunctions.rand
om.code.tex)
(/home/evelyn/.miktex/texmfs/install/tex/generic/pgf/math/pgfmathfunctions.comp
arison.code.tex)
(/home/evelyn/.miktex/texmfs/install/tex/generic/pgf/math/pgfmathfunctions.base
.code.tex)
(/home/evelyn/.miktex/texmfs/install/tex/generic/pgf/math/pgfmathfunctions.roun
d.code.tex)
(/home/evelyn/.miktex/texmfs/install/tex/generic/pgf/math/pgfmathfunctions.misc
.code.tex)
(/home/evelyn/.miktex/texmfs/install/tex/generic/pgf/math/pgfmathfunctions.inte
gerarithmetics.code.tex)))
(/home/evelyn/.miktex/texmfs/install/tex/generic/pgf/math/pgfmathfloat.code.tex
\c@pgfmathroundto@lastzeros=\count116
))
(/home/evelyn/.miktex/texmfs/install/tex/generic/pgf/basiclayer/pgfcorepoints.c
ode.tex
File: pgfcorepoints.code.tex 2019/02/02 v3.1.1 (3.1.1)
\pgf@picminx=\dimen139
\pgf@picmaxx=\dimen140
\pgf@picminy=\dimen141
\pgf@picmaxy=\dimen142
\pgf@pathminx=\dimen143
\pgf@pathmaxx=\dimen144
\pgf@pathminy=\dimen145
\pgf@pathmaxy=\dimen146
\pgf@xx=\dimen147
\pgf@xy=\dimen148
\pgf@yx=\dimen149
\pgf@yy=\dimen150
\pgf@zx=\dimen151
\pgf@zy=\dimen152
)
(/home/evelyn/.miktex/texmfs/install/tex/generic/pgf/basiclayer/pgfcorepathcons
truct.code.tex
File: pgfcorepathconstruct.code.tex 2019/02/02 v3.1.1 (3.1.1)
\pgf@path@lastx=\dimen153
\pgf@path@lasty=\dimen154
)
(/home/evelyn/.miktex/texmfs/install/tex/generic/pgf/basiclayer/pgfcorepathusag
e.code.tex
File: pgfcorepathusage.code.tex 2019/02/02 v3.1.1 (3.1.1)
\pgf@shorten@end@additional=\dimen155
\pgf@shorten@start@additional=\dimen156
)
(/home/evelyn/.miktex/texmfs/install/tex/generic/pgf/basiclayer/pgfcorescopes.c
ode.tex
File: pgfcorescopes.code.tex 2019/02/02 v3.1.1 (3.1.1)
\pgfpic=\box37
\pgf@hbox=\box38
\pgf@layerbox@main=\box39
\pgf@picture@serial@count=\count117
)
(/home/evelyn/.miktex/texmfs/install/tex/generic/pgf/basiclayer/pgfcoregraphics
tate.code.tex
File: pgfcoregraphicstate.code.tex 2019/02/02 v3.1.1 (3.1.1)
\pgflinewidth=\dimen157
)
(/home/evelyn/.miktex/texmfs/install/tex/generic/pgf/basiclayer/pgfcoretransfor
mations.code.tex
File: pgfcoretransformations.code.tex 2019/02/02 v3.1.1 (3.1.1)
\pgf@pt@x=\dimen158
\pgf@pt@y=\dimen159
\pgf@pt@temp=\dimen160
)
(/home/evelyn/.miktex/texmfs/install/tex/generic/pgf/basiclayer/pgfcorequick.co
de.tex
File: pgfcorequick.code.tex 2019/02/02 v3.1.1 (3.1.1)
)
(/home/evelyn/.miktex/texmfs/install/tex/generic/pgf/basiclayer/pgfcoreobjects.
code.tex
File: pgfcoreobjects.code.tex 2019/02/02 v3.1.1 (3.1.1)
)
(/home/evelyn/.miktex/texmfs/install/tex/generic/pgf/basiclayer/pgfcorepathproc
essing.code.tex
File: pgfcorepathprocessing.code.tex 2019/02/02 v3.1.1 (3.1.1)
)
(/home/evelyn/.miktex/texmfs/install/tex/generic/pgf/basiclayer/pgfcorearrows.c
ode.tex
File: pgfcorearrows.code.tex 2019/02/02 v3.1.1 (3.1.1)
\pgfarrowsep=\dimen161
)
(/home/evelyn/.miktex/texmfs/install/tex/generic/pgf/basiclayer/pgfcoreshade.co
de.tex
File: pgfcoreshade.code.tex 2019/02/02 v3.1.1 (3.1.1)
\pgf@max=\dimen162
\pgf@sys@shading@range@num=\count118
)
(/home/evelyn/.miktex/texmfs/install/tex/generic/pgf/basiclayer/pgfcoreimage.co
de.tex
File: pgfcoreimage.code.tex 2019/02/02 v3.1.1 (3.1.1)

(/home/evelyn/.miktex/texmfs/install/tex/generic/pgf/basiclayer/pgfcoreexternal
.code.tex
File: pgfcoreexternal.code.tex 2019/02/02 v3.1.1 (3.1.1)
\pgfexternal@startupbox=\box40
))
(/home/evelyn/.miktex/texmfs/install/tex/generic/pgf/basiclayer/pgfcorelayers.c
ode.tex
File: pgfcorelayers.code.tex 2019/02/02 v3.1.1 (3.1.1)
)
(/home/evelyn/.miktex/texmfs/install/tex/generic/pgf/basiclayer/pgfcoretranspar
ency.code.tex
File: pgfcoretransparency.code.tex 2019/02/02 v3.1.1 (3.1.1)
)
(/home/evelyn/.miktex/texmfs/install/tex/generic/pgf/basiclayer/pgfcorepatterns
.code.tex
File: pgfcorepatterns.code.tex 2019/02/02 v3.1.1 (3.1.1)
)
(/home/evelyn/.miktex/texmfs/install/tex/generic/pgf/basiclayer/pgfcorerdf.code
.tex
File: pgfcorerdf.code.tex 2019/02/02 v3.1.1 (3.1.1)
)))
(/home/evelyn/.miktex/texmfs/install/tex/latex/pgf/utilities/xxcolor.sty
Package: xxcolor 2003/10/24 ver 0.1
\XC@nummixins=\count119
\XC@countmixins=\count120
)
(/home/evelyn/.miktex/texmfs/install/tex/generic/oberdiek/atbegshi.sty
Package: atbegshi 2016/06/09 v1.18 At begin shipout hook (HO)

(/home/evelyn/.miktex/texmfs/install/tex/generic/oberdiek/infwarerr.sty
Package: infwarerr 2016/05/16 v1.4 Providing info/warning/error messages (HO)
)
(/home/evelyn/.miktex/texmfs/install/tex/generic/oberdiek/ltxcmds.sty
Package: ltxcmds 2016/05/16 v1.23 LaTeX kernel commands for general use (HO)
))
(/home/evelyn/.miktex/texmfs/install/tex/latex/hyperref/hyperref.sty
Package: hyperref 2018/11/30 v6.88e Hypertext links for LaTeX

(/home/evelyn/.miktex/texmfs/install/tex/generic/oberdiek/hobsub-hyperref.sty
Package: hobsub-hyperref 2016/05/16 v1.14 Bundle oberdiek, subset hyperref (HO)


(/home/evelyn/.miktex/texmfs/install/tex/generic/oberdiek/hobsub-generic.sty
Package: hobsub-generic 2016/05/16 v1.14 Bundle oberdiek, subset generic (HO)
Package: hobsub 2016/05/16 v1.14 Construct package bundles (HO)
Package hobsub Info: Skipping package `infwarerr' (already loaded).
Package hobsub Info: Skipping package `ltxcmds' (already loaded).
Package: ifluatex 2016/05/16 v1.4 Provides the ifluatex switch (HO)
Package ifluatex Info: LuaTeX not detected.
Package hobsub Info: Skipping package `ifvtex' (already loaded).
Package: intcalc 2016/05/16 v1.2 Expandable calculations with integers (HO)
Package hobsub Info: Skipping package `ifpdf' (already loaded).
Package: etexcmds 2016/05/16 v1.6 Avoid name clashes with e-TeX commands (HO)
Package etexcmds Info: Could not find \expanded.
(etexcmds)             That can mean that you are not using pdfTeX 1.50 or
(etexcmds)             that some package has redefined \expanded.
(etexcmds)             In the latter case, load this package earlier.
Package: kvsetkeys 2016/05/16 v1.17 Key value parser (HO)
Package: kvdefinekeys 2016/05/16 v1.4 Define keys (HO)
Package: pdftexcmds 2018/09/10 v0.29 Utility functions of pdfTeX for LuaTeX (HO
)
Package pdftexcmds Info: LuaTeX not detected.
Package pdftexcmds Info: \pdf@primitive is available.
Package pdftexcmds Info: \pdf@ifprimitive is available.
Package pdftexcmds Info: \pdfdraftmode found.
Package: pdfescape 2016/05/16 v1.14 Implements pdfTeX's escape features (HO)
Package: bigintcalc 2016/05/16 v1.4 Expandable calculations on big integers (HO
)
Package: bitset 2016/05/16 v1.2 Handle bit-vector datatype (HO)
Package: uniquecounter 2016/05/16 v1.3 Provide unlimited unique counter (HO)
)
Package hobsub Info: Skipping package `hobsub' (already loaded).
Package: letltxmacro 2016/05/16 v1.5 Let assignment for LaTeX macros (HO)
Package: hopatch 2016/05/16 v1.3 Wrapper for package hooks (HO)
Package: xcolor-patch 2016/05/16 xcolor patch
Package: atveryend 2016/05/16 v1.9 Hooks at the very end of document (HO)
Package hobsub Info: Skipping package `atbegshi' (already loaded).
Package: refcount 2016/05/16 v3.5 Data extraction from label references (HO)
Package: hycolor 2016/05/16 v1.8 Color options for hyperref/bookmark (HO)
)
(/home/evelyn/.miktex/texmfs/install/tex/latex/oberdiek/auxhook.sty
Package: auxhook 2016/05/16 v1.4 Hooks for auxiliary files (HO)
)
(/home/evelyn/.miktex/texmfs/install/tex/latex/oberdiek/kvoptions.sty
Package: kvoptions 2016/05/16 v3.12 Key value format for package options (HO)
)
\@linkdim=\dimen163
\Hy@linkcounter=\count121
\Hy@pagecounter=\count122

(/home/evelyn/.miktex/texmfs/install/tex/latex/hyperref/pd1enc.def
File: pd1enc.def 2018/11/30 v6.88e Hyperref: PDFDocEncoding definition (HO)
Now handling font encoding PD1 ...
... no UTF-8 mapping file for font encoding PD1
)
\Hy@SavedSpaceFactor=\count123

(/home/evelyn/.miktex/texmfs/install/tex/latex/00miktex/hyperref.cfg
File: hyperref.cfg 2002/06/06 v1.2 hyperref configuration of TeXLive
)
Package hyperref Info: Option `bookmarks' set `true' on input line 4393.
Package hyperref Info: Option `bookmarksopen' set `true' on input line 4393.
Package hyperref Info: Option `implicit' set `false' on input line 4393.
Package hyperref Info: Hyper figures OFF on input line 4519.
Package hyperref Info: Link nesting OFF on input line 4524.
Package hyperref Info: Hyper index ON on input line 4527.
Package hyperref Info: Plain pages OFF on input line 4534.
Package hyperref Info: Backreferencing OFF on input line 4539.
Package hyperref Info: Implicit mode OFF; no redefinition of LaTeX internals.
Package hyperref Info: Bookmarks ON on input line 4772.
\c@Hy@tempcnt=\count124

(/home/evelyn/.miktex/texmfs/install/tex/latex/url/url.sty
\Urlmuskip=\muskip10
Package: url 2013/09/16  ver 3.4  Verb mode for urls, etc.
)
LaTeX Info: Redefining \url on input line 5125.
\XeTeXLinkMargin=\dimen164
\Fld@menulength=\count125
\Field@Width=\dimen165
\Fld@charsize=\dimen166
Package hyperref Info: Hyper figures OFF on input line 6380.
Package hyperref Info: Link nesting OFF on input line 6385.
Package hyperref Info: Hyper index ON on input line 6388.
Package hyperref Info: backreferencing OFF on input line 6395.
Package hyperref Info: Link coloring OFF on input line 6400.
Package hyperref Info: Link coloring with OCG OFF on input line 6405.
Package hyperref Info: PDF/A mode OFF on input line 6410.
LaTeX Info: Redefining \ref on input line 6450.
LaTeX Info: Redefining \pageref on input line 6454.
\Hy@abspage=\count126


Package hyperref Message: Stopped early.

)
Package hyperref Info: Driver (autodetected): hpdftex.
 (/home/evelyn/.miktex/texmfs/install/tex/latex/hyperref/hpdftex.def
File: hpdftex.def 2018/11/30 v6.88e Hyperref driver for pdfTeX
\Fld@listcount=\count127
\c@bookmark@seq@number=\count128

(/home/evelyn/.miktex/texmfs/install/tex/latex/oberdiek/rerunfilecheck.sty
Package: rerunfilecheck 2016/05/16 v1.8 Rerun checks for auxiliary files (HO)
Package uniquecounter Info: New unique counter `rerunfilecheck' on input line 2
82.
))
(/home/evelyn/.miktex/texmfs/install/tex/latex/beamer/beamerbaserequires.sty
(/home/evelyn/.miktex/texmfs/install/tex/latex/beamer/beamerbasecompatibility.s
ty) (/home/evelyn/.miktex/texmfs/install/tex/latex/beamer/beamerbasefont.sty
(/home/evelyn/.miktex/texmfs/install/tex/latex/amsfonts/amssymb.sty
Package: amssymb 2013/01/14 v3.01 AMS font symbols

(/home/evelyn/.miktex/texmfs/install/tex/latex/amsfonts/amsfonts.sty
Package: amsfonts 2013/01/14 v3.01 Basic AMSFonts support
\@emptytoks=\toks26
\symAMSa=\mathgroup4
\symAMSb=\mathgroup5
LaTeX Font Info:    Overwriting math alphabet `\mathfrak' in version `bold'
(Font)                  U/euf/m/n --> U/euf/b/n on input line 106.
))
(/home/evelyn/.miktex/texmfs/install/tex/latex/sansmathaccent/sansmathaccent.st
y
Package: sansmathaccent 2013/03/28
 (/home/evelyn/.miktex/texmfs/install/tex/latex/filehook/filehook.sty
Package: filehook 2011/10/12 v0.5d Hooks for input files
)))
(/home/evelyn/.miktex/texmfs/install/tex/latex/beamer/beamerbasetranslator.sty
(/home/evelyn/.miktex/texmfs/install/tex/latex/translator/translator.sty
Package: translator 2018/01/04 v1.12 Easy translation of strings in LaTeX
))
(/home/evelyn/.miktex/texmfs/install/tex/latex/beamer/beamerbasemisc.sty)
(/home/evelyn/.miktex/texmfs/install/tex/latex/beamer/beamerbasetwoscreens.sty)
(/home/evelyn/.miktex/texmfs/install/tex/latex/beamer/beamerbaseoverlay.sty
\beamer@argscount=\count129
\beamer@lastskipcover=\skip44
\beamer@trivlistdepth=\count130
)
(/home/evelyn/.miktex/texmfs/install/tex/latex/beamer/beamerbasetitle.sty)
(/home/evelyn/.miktex/texmfs/install/tex/latex/beamer/beamerbasesection.sty
\c@lecture=\count131
\c@part=\count132
\c@section=\count133
\c@subsection=\count134
\c@subsubsection=\count135
)
(/home/evelyn/.miktex/texmfs/install/tex/latex/beamer/beamerbaseframe.sty
\beamer@framebox=\box41
\beamer@frametitlebox=\box42
\beamer@zoombox=\box43
\beamer@zoomcount=\count136
\beamer@zoomframecount=\count137
\beamer@frametextheight=\dimen167
\c@subsectionslide=\count138
\beamer@frametopskip=\skip45
\beamer@framebottomskip=\skip46
\beamer@frametopskipautobreak=\skip47
\beamer@framebottomskipautobreak=\skip48
\beamer@envbody=\toks27
\framewidth=\dimen168
\c@framenumber=\count139
)
(/home/evelyn/.miktex/texmfs/install/tex/latex/beamer/beamerbaseverbatim.sty
\beamer@verbatimfileout=\write4
)
(/home/evelyn/.miktex/texmfs/install/tex/latex/beamer/beamerbaseframesize.sty
\beamer@splitbox=\box44
\beamer@autobreakcount=\count140
\beamer@autobreaklastheight=\dimen169
\beamer@frametitletoks=\toks28
\beamer@framesubtitletoks=\toks29
)
(/home/evelyn/.miktex/texmfs/install/tex/latex/beamer/beamerbaseframecomponents
.sty
\beamer@footins=\box45
) (/home/evelyn/.miktex/texmfs/install/tex/latex/beamer/beamerbasecolor.sty) (/
home/evelyn/.miktex/texmfs/install/tex/latex/beamer/beamerbasenotes.sty
\beamer@frameboxcopy=\box46
)
(/home/evelyn/.miktex/texmfs/install/tex/latex/beamer/beamerbasetoc.sty)
(/home/evelyn/.miktex/texmfs/install/tex/latex/beamer/beamerbasetemplates.sty
\beamer@sbttoks=\toks30

(/home/evelyn/.miktex/texmfs/install/tex/latex/beamer/beamerbaseauxtemplates.st
y (/home/evelyn/.miktex/texmfs/install/tex/latex/beamer/beamerbaseboxes.sty
\bmb@box=\box47
\bmb@colorbox=\box48
\bmb@boxshadow=\box49
\bmb@boxshadowball=\box50
\bmb@boxshadowballlarge=\box51
\bmb@temp=\dimen170
\bmb@dima=\dimen171
\bmb@dimb=\dimen172
\bmb@prevheight=\dimen173
)
\beamer@blockheadheight=\dimen174
))
(/home/evelyn/.miktex/texmfs/install/tex/latex/beamer/beamerbaselocalstructure.
sty (/home/evelyn/.miktex/texmfs/install/tex/latex/tools/enumerate.sty
Package: enumerate 2015/07/23 v3.00 enumerate extensions (DPC)
\@enLab=\toks31
)
\c@figure=\count141
\c@table=\count142
\abovecaptionskip=\skip49
\belowcaptionskip=\skip50
)
(/home/evelyn/.miktex/texmfs/install/tex/latex/beamer/beamerbasenavigation.sty
\beamer@section@min@dim=\dimen175
) (/home/evelyn/.miktex/texmfs/install/tex/latex/beamer/beamerbasetheorems.sty
(/home/evelyn/.miktex/texmfs/install/tex/latex/amsmath/amsmath.sty
Package: amsmath 2018/12/01 v2.17b AMS math features
\@mathmargin=\skip51

For additional information on amsmath, use the `?' option.
(/home/evelyn/.miktex/texmfs/install/tex/latex/amsmath/amstext.sty
Package: amstext 2000/06/29 v2.01 AMS text

(/home/evelyn/.miktex/texmfs/install/tex/latex/amsmath/amsgen.sty
File: amsgen.sty 1999/11/30 v2.0 generic functions
\@emptytoks=\toks32
\ex@=\dimen176
))
(/home/evelyn/.miktex/texmfs/install/tex/latex/amsmath/amsbsy.sty
Package: amsbsy 1999/11/29 v1.2d Bold Symbols
\pmbraise@=\dimen177
)
(/home/evelyn/.miktex/texmfs/install/tex/latex/amsmath/amsopn.sty
Package: amsopn 2016/03/08 v2.02 operator names
)
\inf@bad=\count143
LaTeX Info: Redefining \frac on input line 223.
\uproot@=\count144
\leftroot@=\count145
LaTeX Info: Redefining \overline on input line 385.
\classnum@=\count146
\DOTSCASE@=\count147
LaTeX Info: Redefining \ldots on input line 482.
LaTeX Info: Redefining \dots on input line 485.
LaTeX Info: Redefining \cdots on input line 606.
\Mathstrutbox@=\box52
\strutbox@=\box53
\big@size=\dimen178
LaTeX Font Info:    Redeclaring font encoding OML on input line 729.
LaTeX Font Info:    Redeclaring font encoding OMS on input line 730.
\macc@depth=\count148
\c@MaxMatrixCols=\count149
\dotsspace@=\muskip11
\c@parentequation=\count150
\dspbrk@lvl=\count151
\tag@help=\toks33
\row@=\count152
\column@=\count153
\maxfields@=\count154
\andhelp@=\toks34
\eqnshift@=\dimen179
\alignsep@=\dimen180
\tagshift@=\dimen181
\tagwidth@=\dimen182
\totwidth@=\dimen183
\lineht@=\dimen184
\@envbody=\toks35
\multlinegap=\skip52
\multlinetaggap=\skip53
\mathdisplay@stack=\toks36
LaTeX Info: Redefining \[ on input line 2844.
LaTeX Info: Redefining \] on input line 2845.
)
(/home/evelyn/.miktex/texmfs/install/tex/latex/amscls/amsthm.sty
Package: amsthm 2017/10/31 v2.20.4
\thm@style=\toks37
\thm@bodyfont=\toks38
\thm@headfont=\toks39
\thm@notefont=\toks40
\thm@headpunct=\toks41
\thm@preskip=\skip54
\thm@postskip=\skip55
\thm@headsep=\skip56
\dth@everypar=\toks42
)
\c@theorem=\count155
)
(/home/evelyn/.miktex/texmfs/install/tex/latex/beamer/beamerbasethemes.sty))
(/home/evelyn/.miktex/texmfs/install/tex/latex/beamer/beamerthemedefault.sty
(/home/evelyn/.miktex/texmfs/install/tex/latex/beamer/beamerfontthemedefault.st
y)
(/home/evelyn/.miktex/texmfs/install/tex/latex/beamer/beamercolorthemedefault.s
ty)
(/home/evelyn/.miktex/texmfs/install/tex/latex/beamer/beamerinnerthemedefault.s
ty
\beamer@dima=\dimen185
\beamer@dimb=\dimen186
)
(/home/evelyn/.miktex/texmfs/install/tex/latex/beamer/beamerouterthemedefault.s
ty))) (/home/evelyn/.miktex/texmfs/install/tex/latex/base/inputenc.sty
Package: inputenc 2018/08/11 v1.3c Input encoding file
\inpenc@prehook=\toks43
\inpenc@posthook=\toks44
)
(/home/evelyn/.miktex/texmfs/install/tex/latex/base/fontenc.sty
Package: fontenc 2018/08/11 v2.0j Standard LaTeX package

(/home/evelyn/.miktex/texmfs/install/tex/latex/base/t1enc.def
File: t1enc.def 2018/08/11 v2.0j Standard LaTeX file
LaTeX Font Info:    Redeclaring font encoding T1 on input line 48.
))
(/home/evelyn/.miktex/texmfs/install/tex/generic/babel/babel.sty
Package: babel 2018/11/13 3.27 The Babel package

(/home/evelyn/.miktex/texmfs/install/tex/generic/babel/switch.def
File: switch.def 2018/11/13 3.27 Babel switching mechanism
)
*************************************
* Local config file bblopts.cfg used
*
(/home/evelyn/.miktex/texmfs/install/tex/latex/arabi/bblopts.cfg
File: bblopts.cfg 2005/09/08 v0.1 add Arabic and Farsi to "declared" options of
 babel
)
(/home/evelyn/.miktex/texmfs/install/tex/latex/babel-spanish/spanish.ldf
Language: spanish.ldf 2016/03/03 v5.0p Spanish support from the babel system

(/home/evelyn/.miktex/texmfs/install/tex/generic/babel/babel.def
File: babel.def 2018/11/13 3.27 Babel common definitions
\babel@savecnt=\count156
\U@D=\dimen187

(/home/evelyn/.miktex/texmfs/install/tex/generic/babel/txtbabel.def)
LaTeX Info: Redefining \textlatin on input line 2003.
\bbl@dirlevel=\count157
)

Package babel Warning: No hyphenation patterns were preloaded for
(babel)                the language `Spanish' into the format.
(babel)                Please, configure your TeX system to add them and
(babel)                rebuild the format. Now I will use the patterns
(babel)                preloaded for \language=0 instead on input line 51.

\l@spanish = a dialect from \language0
\es@quottoks=\toks45
\es@quotdepth=\count158
Package babel Info: Making " an active character on input line 561.
Package babel Info: Making . an active character on input line 662.
Package babel Info: Making < an active character on input line 707.
Package babel Info: Making > an active character on input line 707.
)) (/home/evelyn/.miktex/texmfs/install/tex/generic/xypic/xy.sty
(/home/evelyn/.miktex/texmfs/install/tex/generic/xypic/xy.tex Bootstrap'ing:
catcodes, docmode,
(/home/evelyn/.miktex/texmfs/install/tex/generic/xypic/xyrecat.tex)
(/home/evelyn/.miktex/texmfs/install/tex/generic/xypic/xyidioms.tex)

 Xy-pic version 3.8.9 <2013/10/06>
 Copyright (c) 1991-2013 by Kristoffer H. Rose <krisrose@tug.org> and others
 Xy-pic is free software: see the User's Guide for details.

Loading kernel: messages; fonts; allocations: state,
\X@c=\dimen188
\Y@c=\dimen189
\U@c=\dimen190
\D@c=\dimen191
\L@c=\dimen192
\R@c=\dimen193
\Edge@c=\toks46
\X@p=\dimen194
\Y@p=\dimen195
\U@p=\dimen196
\D@p=\dimen197
\L@p=\dimen198
\R@p=\dimen199
\Edge@p=\toks47
\X@origin=\dimen256
\Y@origin=\dimen257
\X@xbase=\dimen258
\Y@xbase=\dimen259
\X@ybase=\dimen260
\Y@ybase=\dimen261
\X@min=\dimen262
\Y@min=\dimen263
\X@max=\dimen264
\Y@max=\dimen265
\lastobjectbox@=\box54
\zerodotbox@=\box55
\almostz@=\dimen266
 direction,
\d@X=\dimen267
\d@Y=\dimen268
\K@=\count159
\KK@=\count160
\Direction=\count161
\K@dXdY=\dimen269
\K@dYdX=\dimen270
\xyread@=\read2
\xywrite@=\write5
\csp@=\count162
\quotPTK@=\dimen271

utility macros; pictures: \xy, positions,
\swaptoks@@=\toks48
\connectobjectbox@@=\box56
 objects,
\styletoks@=\toks49
 decorations;
kernel objects: directionals, circles, text; options; algorithms: directions,
edges, connections;  Xy-pic loaded)
Package: xy 2013/10/06 Xy-pic version 3.8.9

(/home/evelyn/.miktex/texmfs/install/tex/generic/xypic/xycolor.tex
 Xy-pic option: Colour extension v.3.11 loaded)
(/home/evelyn/.miktex/texmfs/install/tex/generic/xypic/xymatrix.tex
 Xy-pic option: Matrix feature v.3.14
\Row=\count163
\Col=\count164
\queue@=\toks50
\queue@@=\toks51
\qcount@=\count165
\qcount@@=\count166
\matrixsize@=\count167
 loaded)
(/home/evelyn/.miktex/texmfs/install/tex/generic/xypic/xyarrow.tex
 Xy-pic option: Arrow and Path feature v.3.9 path, \ar, loaded)
(/home/evelyn/.miktex/texmfs/install/tex/generic/xypic/xypdf.tex
 Xy-pic option: PDF driver v.1.7 Xy-pic pdf driver: `color' extension support
(/home/evelyn/.miktex/texmfs/install/tex/generic/xypic/xypdf-co.tex loaded)
loaded)) (/home/evelyn/.miktex/texmfs/install/tex/latex/listings/listings.sty
\lst@mode=\count168
\lst@gtempboxa=\box57
\lst@token=\toks52
\lst@length=\count169
\lst@currlwidth=\dimen272
\lst@column=\count170
\lst@pos=\count171
\lst@lostspace=\dimen273
\lst@width=\dimen274
\lst@newlines=\count172
\lst@lineno=\count173
\lst@maxwidth=\dimen275

(/home/evelyn/.miktex/texmfs/install/tex/latex/listings/lstmisc.sty
File: lstmisc.sty 2018/09/02 1.7 (Carsten Heinz)
\c@lstnumber=\count174
\lst@skipnumbers=\count175
\lst@framebox=\box58
)
(/home/evelyn/.miktex/texmfs/install/tex/latex/listings/listings.cfg
File: listings.cfg 2018/09/02 1.7 listings configuration
))
Package: listings 2018/09/02 1.7 (Carsten Heinz)

(/home/evelyn/.miktex/texmfs/install/tex/latex/minipage-marginpar/minipage-marg
inpar.sty
Package: minipage-marginpar 2008/04/07 v0.3 Randnotizen auch in Minipages (PE)
) (/home/evelyn/.miktex/texmfs/install/tex/latex/tools/multicol.sty
Package: multicol 2018/12/27 v1.8v multicolumn formatting (FMi)
\c@tracingmulticols=\count176
\mult@box=\box59
\multicol@leftmargin=\dimen276
\c@unbalance=\count177
\c@collectmore=\count178
\doublecol@number=\count179
\multicoltolerance=\count180
\multicolpretolerance=\count181
\full@width=\dimen277
\page@free=\dimen278
\premulticols=\dimen279
\postmulticols=\dimen280
\multicolsep=\skip57
\multicolbaselineskip=\skip58
\partial@page=\box60
\last@line=\box61
\maxbalancingoverflow=\dimen281
\mult@rightbox=\box62
\mult@grightbox=\box63
\mult@gfirstbox=\box64
\mult@firstbox=\box65
\@tempa=\box66
\@tempa=\box67
\@tempa=\box68
\@tempa=\box69
\@tempa=\box70
\@tempa=\box71
\@tempa=\box72
\@tempa=\box73
\@tempa=\box74
\@tempa=\box75
\@tempa=\box76
\@tempa=\box77
\@tempa=\box78
\@tempa=\box79
\@tempa=\box80
\@tempa=\box81
\@tempa=\box82
\c@columnbadness=\count182
\c@finalcolumnbadness=\count183
\last@try=\dimen282
\multicolovershoot=\dimen283
\multicolundershoot=\dimen284
\mult@nat@firstbox=\box83
\colbreak@box=\box84
\mc@col@check@num=\count184
)
(/home/evelyn/.miktex/texmfs/install/tex/latex/ms/ragged2e.sty
Package: ragged2e 2009/05/21 v2.1 ragged2e Package (MS)

(/home/evelyn/.miktex/texmfs/install/tex/latex/ms/everysel.sty
Package: everysel 2011/10/28 v1.2 EverySelectfont Package (MS)
)
\CenteringLeftskip=\skip59
\RaggedLeftLeftskip=\skip60
\RaggedRightLeftskip=\skip61
\CenteringRightskip=\skip62
\RaggedLeftRightskip=\skip63
\RaggedRightRightskip=\skip64
\CenteringParfillskip=\skip65
\RaggedLeftParfillskip=\skip66
\RaggedRightParfillskip=\skip67
\JustifyingParfillskip=\skip68
\CenteringParindent=\skip69
\RaggedLeftParindent=\skip70
\RaggedRightParindent=\skip71
\JustifyingParindent=\skip72
)
(/home/evelyn/.miktex/texmfs/install/tex/latex/upquote/upquote.sty
Package: upquote 2012/04/19 v1.3 upright-quote and grave-accent glyphs in verba
tim

(/home/evelyn/.miktex/texmfs/install/tex/latex/base/textcomp.sty
Package: textcomp 2018/08/11 v2.0j Standard LaTeX package
Package textcomp Info: Sub-encoding information:
(textcomp)               5 = only ISO-Adobe without \textcurrency
(textcomp)               4 = 5 + \texteuro
(textcomp)               3 = 4 + \textohm
(textcomp)               2 = 3 + \textestimated + \textcurrency
(textcomp)               1 = TS1 - \textcircled - \t
(textcomp)               0 = TS1 (full)
(textcomp)             Font families with sub-encoding setting implement
(textcomp)             only a restricted character set as indicated.
(textcomp)             Family '?' is the default used for unknown fonts.
(textcomp)             See the documentation for details.
Package textcomp Info: Setting ? sub-encoding to TS1/1 on input line 79.

(/home/evelyn/.miktex/texmfs/install/tex/latex/base/ts1enc.def
File: ts1enc.def 2001/06/05 v3.0e (jk/car/fm) Standard LaTeX file
Now handling font encoding TS1 ...
... processing UTF-8 mapping file for font encoding TS1

(/home/evelyn/.miktex/texmfs/install/tex/latex/base/ts1enc.dfu
File: ts1enc.dfu 2018/10/05 v1.2f UTF-8 support for inputenc
   defining Unicode char U+00A2 (decimal 162)
   defining Unicode char U+00A3 (decimal 163)
   defining Unicode char U+00A4 (decimal 164)
   defining Unicode char U+00A5 (decimal 165)
   defining Unicode char U+00A6 (decimal 166)
   defining Unicode char U+00A7 (decimal 167)
   defining Unicode char U+00A8 (decimal 168)
   defining Unicode char U+00A9 (decimal 169)
   defining Unicode char U+00AA (decimal 170)
   defining Unicode char U+00AC (decimal 172)
   defining Unicode char U+00AE (decimal 174)
   defining Unicode char U+00AF (decimal 175)
   defining Unicode char U+00B0 (decimal 176)
   defining Unicode char U+00B1 (decimal 177)
   defining Unicode char U+00B2 (decimal 178)
   defining Unicode char U+00B3 (decimal 179)
   defining Unicode char U+00B4 (decimal 180)
   defining Unicode char U+00B5 (decimal 181)
   defining Unicode char U+00B6 (decimal 182)
   defining Unicode char U+00B7 (decimal 183)
   defining Unicode char U+00B9 (decimal 185)
   defining Unicode char U+00BA (decimal 186)
   defining Unicode char U+00BC (decimal 188)
   defining Unicode char U+00BD (decimal 189)
   defining Unicode char U+00BE (decimal 190)
   defining Unicode char U+00D7 (decimal 215)
   defining Unicode char U+00F7 (decimal 247)
   defining Unicode char U+0192 (decimal 402)
   defining Unicode char U+02C7 (decimal 711)
   defining Unicode char U+02D8 (decimal 728)
   defining Unicode char U+02DD (decimal 733)
   defining Unicode char U+0E3F (decimal 3647)
   defining Unicode char U+2016 (decimal 8214)
   defining Unicode char U+2020 (decimal 8224)
   defining Unicode char U+2021 (decimal 8225)
   defining Unicode char U+2022 (decimal 8226)
   defining Unicode char U+2030 (decimal 8240)
   defining Unicode char U+2031 (decimal 8241)
   defining Unicode char U+203B (decimal 8251)
   defining Unicode char U+203D (decimal 8253)
   defining Unicode char U+2044 (decimal 8260)
   defining Unicode char U+204E (decimal 8270)
   defining Unicode char U+2052 (decimal 8274)
   defining Unicode char U+20A1 (decimal 8353)
   defining Unicode char U+20A4 (decimal 8356)
   defining Unicode char U+20A6 (decimal 8358)
   defining Unicode char U+20A9 (decimal 8361)
   defining Unicode char U+20AB (decimal 8363)
   defining Unicode char U+20AC (decimal 8364)
   defining Unicode char U+20B1 (decimal 8369)
   defining Unicode char U+2103 (decimal 8451)
   defining Unicode char U+2116 (decimal 8470)
   defining Unicode char U+2117 (decimal 8471)
   defining Unicode char U+211E (decimal 8478)
   defining Unicode char U+2120 (decimal 8480)
   defining Unicode char U+2122 (decimal 8482)
   defining Unicode char U+2126 (decimal 8486)
   defining Unicode char U+2127 (decimal 8487)
   defining Unicode char U+212E (decimal 8494)
   defining Unicode char U+2190 (decimal 8592)
   defining Unicode char U+2191 (decimal 8593)
   defining Unicode char U+2192 (decimal 8594)
   defining Unicode char U+2193 (decimal 8595)
   defining Unicode char U+2329 (decimal 9001)
   defining Unicode char U+232A (decimal 9002)
   defining Unicode char U+2422 (decimal 9250)
   defining Unicode char U+25E6 (decimal 9702)
   defining Unicode char U+25EF (decimal 9711)
   defining Unicode char U+266A (decimal 9834)
   defining Unicode char U+FEFF (decimal 65279)
))
LaTeX Info: Redefining \oldstylenums on input line 334.
Package textcomp Info: Setting cmr sub-encoding to TS1/0 on input line 349.
Package textcomp Info: Setting cmss sub-encoding to TS1/0 on input line 350.
Package textcomp Info: Setting cmtt sub-encoding to TS1/0 on input line 351.
Package textcomp Info: Setting cmvtt sub-encoding to TS1/0 on input line 352.
Package textcomp Info: Setting cmbr sub-encoding to TS1/0 on input line 353.
Package textcomp Info: Setting cmtl sub-encoding to TS1/0 on input line 354.
Package textcomp Info: Setting ccr sub-encoding to TS1/0 on input line 355.
Package textcomp Info: Setting ptm sub-encoding to TS1/4 on input line 356.
Package textcomp Info: Setting pcr sub-encoding to TS1/4 on input line 357.
Package textcomp Info: Setting phv sub-encoding to TS1/4 on input line 358.
Package textcomp Info: Setting ppl sub-encoding to TS1/3 on input line 359.
Package textcomp Info: Setting pag sub-encoding to TS1/4 on input line 360.
Package textcomp Info: Setting pbk sub-encoding to TS1/4 on input line 361.
Package textcomp Info: Setting pnc sub-encoding to TS1/4 on input line 362.
Package textcomp Info: Setting pzc sub-encoding to TS1/4 on input line 363.
Package textcomp Info: Setting bch sub-encoding to TS1/4 on input line 364.
Package textcomp Info: Setting put sub-encoding to TS1/5 on input line 365.
Package textcomp Info: Setting uag sub-encoding to TS1/5 on input line 366.
Package textcomp Info: Setting ugq sub-encoding to TS1/5 on input line 367.
Package textcomp Info: Setting ul8 sub-encoding to TS1/4 on input line 368.
Package textcomp Info: Setting ul9 sub-encoding to TS1/4 on input line 369.
Package textcomp Info: Setting augie sub-encoding to TS1/5 on input line 370.
Package textcomp Info: Setting dayrom sub-encoding to TS1/3 on input line 371.
Package textcomp Info: Setting dayroms sub-encoding to TS1/3 on input line 372.

Package textcomp Info: Setting pxr sub-encoding to TS1/0 on input line 373.
Package textcomp Info: Setting pxss sub-encoding to TS1/0 on input line 374.
Package textcomp Info: Setting pxtt sub-encoding to TS1/0 on input line 375.
Package textcomp Info: Setting txr sub-encoding to TS1/0 on input line 376.
Package textcomp Info: Setting txss sub-encoding to TS1/0 on input line 377.
Package textcomp Info: Setting txtt sub-encoding to TS1/0 on input line 378.
Package textcomp Info: Setting lmr sub-encoding to TS1/0 on input line 379.
Package textcomp Info: Setting lmdh sub-encoding to TS1/0 on input line 380.
Package textcomp Info: Setting lmss sub-encoding to TS1/0 on input line 381.
Package textcomp Info: Setting lmssq sub-encoding to TS1/0 on input line 382.
Package textcomp Info: Setting lmvtt sub-encoding to TS1/0 on input line 383.
Package textcomp Info: Setting lmtt sub-encoding to TS1/0 on input line 384.
Package textcomp Info: Setting qhv sub-encoding to TS1/0 on input line 385.
Package textcomp Info: Setting qag sub-encoding to TS1/0 on input line 386.
Package textcomp Info: Setting qbk sub-encoding to TS1/0 on input line 387.
Package textcomp Info: Setting qcr sub-encoding to TS1/0 on input line 388.
Package textcomp Info: Setting qcs sub-encoding to TS1/0 on input line 389.
Package textcomp Info: Setting qpl sub-encoding to TS1/0 on input line 390.
Package textcomp Info: Setting qtm sub-encoding to TS1/0 on input line 391.
Package textcomp Info: Setting qzc sub-encoding to TS1/0 on input line 392.
Package textcomp Info: Setting qhvc sub-encoding to TS1/0 on input line 393.
Package textcomp Info: Setting futs sub-encoding to TS1/4 on input line 394.
Package textcomp Info: Setting futx sub-encoding to TS1/4 on input line 395.
Package textcomp Info: Setting futj sub-encoding to TS1/4 on input line 396.
Package textcomp Info: Setting hlh sub-encoding to TS1/3 on input line 397.
Package textcomp Info: Setting hls sub-encoding to TS1/3 on input line 398.
Package textcomp Info: Setting hlst sub-encoding to TS1/3 on input line 399.
Package textcomp Info: Setting hlct sub-encoding to TS1/5 on input line 400.
Package textcomp Info: Setting hlx sub-encoding to TS1/5 on input line 401.
Package textcomp Info: Setting hlce sub-encoding to TS1/5 on input line 402.
Package textcomp Info: Setting hlcn sub-encoding to TS1/5 on input line 403.
Package textcomp Info: Setting hlcw sub-encoding to TS1/5 on input line 404.
Package textcomp Info: Setting hlcf sub-encoding to TS1/5 on input line 405.
Package textcomp Info: Setting pplx sub-encoding to TS1/3 on input line 406.
Package textcomp Info: Setting pplj sub-encoding to TS1/3 on input line 407.
Package textcomp Info: Setting ptmx sub-encoding to TS1/4 on input line 408.
Package textcomp Info: Setting ptmj sub-encoding to TS1/4 on input line 409.
))
(/home/evelyn/.miktex/texmfs/install/tex/latex/eurosym/eurosym.sty
Package: eurosym 1998/08/06 v1.1 European currency symbol ``Euro''
\@eurobox=\box85
)
\c@defn=\count185


! LaTeX Error: No counter 'Definition' defined.

See the LaTeX manual or LaTeX Companion for explanation.
Type  H <return>  for immediate help.
 ...                                              
                                                  
l.16 \newtheorem{defn}{Definici\'on}[Definition]
                                                
Your command was ignored.
Type  I <command> <return>  to replace it with another command,
or  <return>  to continue without it.


(/home/evelyn/.miktex/texmfs/install/tex/latex/beamer/beamerthemeEastLansing.st
y
(/home/evelyn/.miktex/texmfs/install/tex/latex/beamer/beamerinnerthemerounded.s
ty)
(/home/evelyn/.miktex/texmfs/install/tex/latex/beamer/beamerouterthemeinfolines
.sty)
(/home/evelyn/.miktex/texmfs/install/tex/latex/beamer/beamercolorthemespruce.st
y)) (presentacionTesis.aux
LaTeX Info: Redefining \. on input line 23.
LaTeX Info: Redefining \% on input line 23.
)
\openout1 = `presentacionTesis.aux'.

LaTeX Font Info:    Checking defaults for OML/cmm/m/it on input line 35.
LaTeX Font Info:    ... okay on input line 35.
LaTeX Font Info:    Checking defaults for T1/cmr/m/n on input line 35.
LaTeX Font Info:    ... okay on input line 35.
LaTeX Font Info:    Checking defaults for OT1/cmr/m/n on input line 35.
LaTeX Font Info:    ... okay on input line 35.
LaTeX Font Info:    Checking defaults for OMS/cmsy/m/n on input line 35.
LaTeX Font Info:    ... okay on input line 35.
LaTeX Font Info:    Checking defaults for OMX/cmex/m/n on input line 35.
LaTeX Font Info:    ... okay on input line 35.
LaTeX Font Info:    Checking defaults for U/cmr/m/n on input line 35.
LaTeX Font Info:    ... okay on input line 35.
LaTeX Font Info:    Checking defaults for PD1/pdf/m/n on input line 35.
LaTeX Font Info:    ... okay on input line 35.
LaTeX Font Info:    Checking defaults for TS1/cmr/m/n on input line 35.
LaTeX Font Info:    Try loading font information for TS1+cmr on input line 35.

(/home/evelyn/.miktex/texmfs/install/tex/latex/base/ts1cmr.fd
File: ts1cmr.fd 2014/09/29 v2.5h Standard LaTeX font definitions
)
LaTeX Font Info:    ... okay on input line 35.

*geometry* driver: auto-detecting
*geometry* detected driver: pdftex
*geometry* verbose mode - [ preamble ] result:
* driver: pdftex
* paper: custom
* layout: <same size as paper>
* layoutoffset:(h,v)=(0.0pt,0.0pt)
* modes: includehead includefoot 
* h-part:(L,W,R)=(10.88002pt, 342.43532pt, 10.88002pt)
* v-part:(T,H,B)=(0.0pt, 273.14662pt, 0.0pt)
* \paperwidth=364.19536pt
* \paperheight=273.14662pt
* \textwidth=342.43532pt
* \textheight=244.6939pt
* \oddsidemargin=-61.38997pt
* \evensidemargin=-61.38997pt
* \topmargin=-72.26999pt
* \headheight=14.22636pt
* \headsep=0.0pt
* \topskip=11.0pt
* \footskip=14.22636pt
* \marginparwidth=4.0pt
* \marginparsep=10.0pt
* \columnsep=10.0pt
* \skip\footins=10.0pt plus 4.0pt minus 2.0pt
* \hoffset=0.0pt
* \voffset=0.0pt
* \mag=1000
* \@twocolumnfalse
* \@twosidefalse
* \@mparswitchfalse
* \@reversemarginfalse
* (1in=72.27pt=25.4mm, 1cm=28.453pt)

(/home/evelyn/.miktex/texmfs/install/tex/context/base/supp-pdf.mkii
[Loading MPS to PDF converter (version 2006.09.02).]
\scratchcounter=\count186
\scratchdimen=\dimen285
\scratchbox=\box86
\nofMPsegments=\count187
\nofMParguments=\count188
\everyMPshowfont=\toks53
\MPscratchCnt=\count189
\MPscratchDim=\dimen286
\MPnumerator=\count190
\makeMPintoPDFobject=\count191
\everyMPtoPDFconversion=\toks54
) (/home/evelyn/.miktex/texmfs/install/tex/latex/oberdiek/epstopdf-base.sty
Package: epstopdf-base 2016/05/15 v2.6 Base part for package epstopdf

(/home/evelyn/.miktex/texmfs/install/tex/latex/oberdiek/grfext.sty
Package: grfext 2016/05/16 v1.2 Manage graphics extensions (HO)
)
Package epstopdf-base Info: Redefining graphics rule for `.eps' on input line 4
38.
Package grfext Info: Graphics extension search list:
(grfext)             [.pdf,.png,.jpg,.mps,.jpeg,.jbig2,.jb2,.PDF,.PNG,.JPG,.JPE
G,.JBIG2,.JB2,.eps]
(grfext)             \AppendGraphicsExtensions on input line 456.
)
ABD: EveryShipout initializing macros
\AtBeginShipoutBox=\box87
Package hyperref Info: Link coloring OFF on input line 35.

(/home/evelyn/.miktex/texmfs/install/tex/latex/hyperref/nameref.sty
Package: nameref 2016/05/21 v2.44 Cross-referencing by name of section

(/home/evelyn/.miktex/texmfs/install/tex/generic/oberdiek/gettitlestring.sty
Package: gettitlestring 2016/05/16 v1.5 Cleanup title references (HO)
)
\c@section@level=\count192
)
LaTeX Info: Redefining \ref on input line 35.
LaTeX Info: Redefining \pageref on input line 35.
LaTeX Info: Redefining \nameref on input line 35.

(presentacionTesis.out) (presentacionTesis.out)
\@outlinefile=\write6
\openout6 = `presentacionTesis.out'.

LaTeX Font Info:    Overwriting symbol font `operators' in version `normal'
(Font)                  OT1/cmr/m/n --> OT1/cmss/m/n on input line 35.
LaTeX Font Info:    Overwriting symbol font `operators' in version `bold'
(Font)                  OT1/cmr/bx/n --> OT1/cmss/bx/n on input line 35.
\symnumbers=\mathgroup6
\sympureletters=\mathgroup7
LaTeX Font Info:    Overwriting math alphabet `\mathrm' in version `normal'
(Font)                  OT1/cmss/m/n --> T1/cmr/m/n on input line 35.
LaTeX Font Info:    Redeclaring math alphabet \mathbf on input line 35.
LaTeX Font Info:    Overwriting math alphabet `\mathbf' in version `normal'
(Font)                  OT1/cmr/bx/n --> T1/cmss/bx/n on input line 35.
LaTeX Font Info:    Overwriting math alphabet `\mathbf' in version `bold'
(Font)                  OT1/cmr/bx/n --> T1/cmss/bx/n on input line 35.
LaTeX Font Info:    Redeclaring math alphabet \mathsf on input line 35.
LaTeX Font Info:    Overwriting math alphabet `\mathsf' in version `normal'
(Font)                  OT1/cmss/m/n --> T1/cmss/m/n on input line 35.
LaTeX Font Info:    Overwriting math alphabet `\mathsf' in version `bold'
(Font)                  OT1/cmss/bx/n --> T1/cmss/m/n on input line 35.
LaTeX Font Info:    Redeclaring math alphabet \mathit on input line 35.
LaTeX Font Info:    Overwriting math alphabet `\mathit' in version `normal'
(Font)                  OT1/cmr/m/it --> T1/cmss/m/it on input line 35.
LaTeX Font Info:    Overwriting math alphabet `\mathit' in version `bold'
(Font)                  OT1/cmr/bx/it --> T1/cmss/m/it on input line 35.
LaTeX Font Info:    Redeclaring math alphabet \mathtt on input line 35.
LaTeX Font Info:    Overwriting math alphabet `\mathtt' in version `normal'
(Font)                  OT1/cmtt/m/n --> T1/cmtt/m/n on input line 35.
LaTeX Font Info:    Overwriting math alphabet `\mathtt' in version `bold'
(Font)                  OT1/cmtt/m/n --> T1/cmtt/m/n on input line 35.
LaTeX Font Info:    Overwriting symbol font `numbers' in version `bold'
(Font)                  T1/cmss/m/n --> T1/cmss/bx/n on input line 35.
LaTeX Font Info:    Overwriting symbol font `pureletters' in version `bold'
(Font)                  T1/cmss/m/it --> T1/cmss/bx/it on input line 35.
LaTeX Font Info:    Overwriting math alphabet `\mathrm' in version `bold'
(Font)                  OT1/cmss/bx/n --> T1/cmr/bx/n on input line 35.
LaTeX Font Info:    Overwriting math alphabet `\mathbf' in version `bold'
(Font)                  T1/cmss/bx/n --> T1/cmss/bx/n on input line 35.
LaTeX Font Info:    Overwriting math alphabet `\mathsf' in version `bold'
(Font)                  T1/cmss/m/n --> T1/cmss/bx/n on input line 35.
LaTeX Font Info:    Overwriting math alphabet `\mathit' in version `bold'
(Font)                  T1/cmss/m/it --> T1/cmss/bx/it on input line 35.
LaTeX Font Info:    Overwriting math alphabet `\mathtt' in version `bold'
(Font)                  T1/cmtt/m/n --> T1/cmtt/bx/n on input line 35.
LaTeX Font Info:    Redeclaring symbol font `pureletters' on input line 35.
LaTeX Font Info:    Encoding `T1' has changed to `OT1' for symbol font
(Font)              `pureletters' in the math version `normal' on input line 35
.
LaTeX Font Info:    Overwriting symbol font `pureletters' in version `normal'
(Font)                  T1/cmss/m/it --> OT1/mathkerncmss/m/sl on input line 35
.
LaTeX Font Info:    Encoding `T1' has changed to `OT1' for symbol font
(Font)              `pureletters' in the math version `bold' on input line 35.
LaTeX Font Info:    Overwriting symbol font `pureletters' in version `bold'
(Font)                  T1/cmss/bx/it --> OT1/mathkerncmss/m/sl on input line 3
5.
LaTeX Font Info:    Overwriting symbol font `pureletters' in version `bold'
(Font)                  OT1/mathkerncmss/m/sl --> OT1/mathkerncmss/bx/sl on inp
ut line 35.

(/home/evelyn/.miktex/texmfs/install/tex/latex/translator/translator-basic-dict
ionary-English.dict
Dictionary: translator-basic-dictionary, Language: English 
)
(/home/evelyn/.miktex/texmfs/install/tex/latex/translator/translator-bibliograp
hy-dictionary-English.dict
Dictionary: translator-bibliography-dictionary, Language: English 
)
(/home/evelyn/.miktex/texmfs/install/tex/latex/translator/translator-environmen
t-dictionary-English.dict
Dictionary: translator-environment-dictionary, Language: English 
)
(/home/evelyn/.miktex/texmfs/install/tex/latex/translator/translator-months-dic
tionary-English.dict
Dictionary: translator-months-dictionary, Language: English 
)
(/home/evelyn/.miktex/texmfs/install/tex/latex/translator/translator-numbers-di
ctionary-English.dict
Dictionary: translator-numbers-dictionary, Language: English 
)
(/home/evelyn/.miktex/texmfs/install/tex/latex/translator/translator-theorem-di
ctionary-English.dict
Dictionary: translator-theorem-dictionary, Language: English 
)
LaTeX Info: Redefining \. on input line 35.
LaTeX Info: Redefining \% on input line 35.
LaTeX Font Info:    Try loading font information for U+msa on input line 35.

(/home/evelyn/.miktex/texmfs/install/tex/latex/amsfonts/umsa.fd
File: umsa.fd 2013/01/14 v3.01 AMS symbols A
)
LaTeX Font Info:    Try loading font information for U+msb on input line 35.

(/home/evelyn/.miktex/texmfs/install/tex/latex/amsfonts/umsb.fd
File: umsb.fd 2013/01/14 v3.01 AMS symbols B
)
LaTeX Font Info:    Try loading font information for OT1+mathkerncmss on input 
line 35.

(/home/evelyn/.miktex/texmfs/install/tex/latex/sansmathaccent/ot1mathkerncmss.f
d
File: ot1mathkerncmss.fd 2013/03/27 Fontinst v1.933 font definitions for OT1/ma
thkerncmss.
)
Package xypdf Info: Line width: 0.43799pt on input line 35.
\c@lstlisting=\count193
 ABD: EverySelectfont initializing macros
LaTeX Info: Redefining \selectfont on input line 35.
 (presentacionTesis.nav) [1

{/home/evelyn/.miktex/texmfs/data/pdftex/config/pdftex.map}] [2

]
<kicked.jpg, id=74, 89.133pt x 59.0205pt>
File: kicked.jpg Graphic file (type jpg)
<use kicked.jpg>
Package pdftex.def Info: kicked.jpg  used on input line 93.
(pdftex.def)             Requested size: 133.69914pt x 88.53049pt.
<conveccion.png, id=75, 265.99374pt x 190.7125pt>
File: conveccion.png Graphic file (type png)
<use conveccion.png>
Package pdftex.def Info: conveccion.png  used on input line 93.
(pdftex.def)             Requested size: 106.3956pt x 76.28363pt.
 [3

 <./kicked.jpg> <./conveccion.png>] [4

]
<hyperbolic2.pdf, id=144, 462.52798pt x 346.89601pt>
File: hyperbolic2.pdf Graphic file (type pdf)
<use hyperbolic2.pdf>
Package pdftex.def Info: hyperbolic2.pdf  used on input line 138.
(pdftex.def)             Requested size: 185.0079pt x 138.75594pt.

Overfull \vbox (9.95589pt too high) detected at line 138
 []

[5

 <./hyperbolic2.pdf>]
<hyperbolic2A.pdf, id=178, 462.49956pt x 346.86755pt>
File: hyperbolic2A.pdf Graphic file (type pdf)
<use hyperbolic2A.pdf>
Package pdftex.def Info: hyperbolic2A.pdf  used on input line 151.
(pdftex.def)             Requested size: 198.87093pt x 149.15013pt.
 [6

 <./hyperbolic2A.pdf>]
<diagrama-c2.pdf, id=212, 794.94157pt x 614.26657pt>
File: diagrama-c2.pdf Graphic file (type pdf)
<use diagrama-c2.pdf>
Package pdftex.def Info: diagrama-c2.pdf  used on input line 158.
(pdftex.def)             Requested size: 278.23372pt x 214.9965pt.
 [7

 <./diagrama-c2.pdf>]
[8

] [9

] [10

]
Overfull \hbox (5.85959pt too wide) in alignment at lines 290--290
 [][][] []
 []

[11

] [12

]
Overfull \hbox (29.76132pt too wide) in alignment at lines 410--410
 [][][] []
 []


Overfull \hbox (30.15674pt too wide) in alignment at lines 410--410
 [][][] []
 []

[13

]
<iteradosMireles.png, id=435, 953.5625pt x 728.7225pt>
File: iteradosMireles.png Graphic file (type png)
<use iteradosMireles.png>
Package pdftex.def Info: iteradosMireles.png  used on input line 513.
(pdftex.def)             Requested size: 238.39005pt x 182.18018pt.

Overfull \vbox (12.98914pt too high) detected at line 513
 []

[14

 <./iteradosMireles.png>]
<k03.pdf, id=467, 462.52798pt x 346.89601pt>
File: k03.pdf Graphic file (type pdf)
<use k03.pdf>
Package pdftex.def Info: k03.pdf  used on input line 523.
(pdftex.def)             Requested size: 185.0079pt x 138.75594pt.
 [15

 <./k03.pdf>]
<errork03.pdf, id=980, 462.52798pt x 346.89601pt>
File: errork03.pdf Graphic file (type pdf)
<use errork03.pdf>
Package pdftex.def Info: errork03.pdf  used on input line 537.
(pdftex.def)             Requested size: 231.26341pt x 173.44757pt.
 [16

 <./errork03.pdf>]
<k15.pdf, id=1041, 462.52798pt x 346.89601pt>
File: k15.pdf Graphic file (type pdf)
<use k15.pdf>
Package pdftex.def Info: k15.pdf  used on input line 547.
(pdftex.def)             Requested size: 161.8872pt x 121.41542pt.
<errork15.pdf, id=1042, 462.52798pt x 346.89601pt>
File: errork15.pdf Graphic file (type pdf)
<use errork15.pdf>
Package pdftex.def Info: errork15.pdf  used on input line 547.
(pdftex.def)             Requested size: 161.8872pt x 121.41542pt.
 [17

 <./k15.pdf> <./errork15.pdf

pdfTeX warning: pdflatex (file ./errork15.pdf): PDF inclusion: multiple pdfs wi
th page group included in a single page
>]
<errorf64.pdf, id=1581, 462.52798pt x 346.89601pt>
File: errorf64.pdf Graphic file (type pdf)
<use errorf64.pdf>
Package pdftex.def Info: errorf64.pdf  used on input line 559.
(pdftex.def)             Requested size: 231.26341pt x 173.44757pt.
 [18

 <./errorf64.pdf>]
<errorbf.pdf, id=1638, 462.52798pt x 346.89601pt>
File: errorbf.pdf Graphic file (type pdf)
<use errorbf.pdf>
Package pdftex.def Info: errorbf.pdf  used on input line 570.
(pdftex.def)             Requested size: 277.51892pt x 208.1392pt.

Overfull \vbox (22.71645pt too high) detected at line 570
 []

[19

 <./errorbf.pdf>]
<error_inversa.pdf, id=1694, 462.52798pt x 346.89601pt>
File: error_inversa.pdf Graphic file (type pdf)
<use error_inversa.pdf>
Package pdftex.def Info: error_inversa.pdf  used on input line 588.
(pdftex.def)             Requested size: 185.0079pt x 138.75594pt.

Overfull \vbox (3.34735pt too high) detected at line 588
 []

[20

 <./error_inversa.pdf>] [21

]
<h15.pdf, id=1783, 462.52798pt x 346.89601pt>
File: h15.pdf Graphic file (type pdf)
<use h15.pdf>
Package pdftex.def Info: h15.pdf  used on input line 622.
(pdftex.def)             Requested size: 161.8872pt x 121.41542pt.
<errorH15.pdf, id=1784, 462.52798pt x 346.89601pt>
File: errorH15.pdf Graphic file (type pdf)
<use errorH15.pdf>
Package pdftex.def Info: errorH15.pdf  used on input line 622.
(pdftex.def)             Requested size: 161.8872pt x 121.41542pt.
 [22

 <./h15.pdf> <./errorH15.pdf

pdfTeX warning: pdflatex (file ./errorH15.pdf): PDF inclusion: multiple pdfs wi
th page group included in a single page
>]
<h65.pdf, id=1877, 462.52798pt x 346.89601pt>
File: h65.pdf Graphic file (type pdf)
<use h65.pdf>
Package pdftex.def Info: h65.pdf  used on input line 634.
(pdftex.def)             Requested size: 161.8872pt x 121.41542pt.
<errorH65.pdf, id=1878, 462.52798pt x 346.89601pt>
File: errorH65.pdf Graphic file (type pdf)
<use errorH65.pdf>
Package pdftex.def Info: errorH65.pdf  used on input line 634.
(pdftex.def)             Requested size: 161.8872pt x 121.41542pt.
 [23

 <./h65.pdf> <./errorH65.pdf

pdfTeX warning: pdflatex (file ./errorH65.pdf): PDF inclusion: multiple pdfs wi
th page group included in a single page
>] [24

]
<jung57.pdf, id=1998, 462.52798pt x 346.89601pt>
File: jung57.pdf Graphic file (type pdf)
<use jung57.pdf>
Package pdftex.def Info: jung57.pdf  used on input line 675.
(pdftex.def)             Requested size: 161.8872pt x 121.41542pt.
<error_jung57.pdf, id=1999, 462.52798pt x 346.89601pt>
File: error_jung57.pdf Graphic file (type pdf)
<use error_jung57.pdf>
Package pdftex.def Info: error_jung57.pdf  used on input line 675.
(pdftex.def)             Requested size: 161.8872pt x 121.41542pt.
 [25

 <./jung57.pdf> <./error_jung57.pdf

pdfTeX warning: pdflatex (file ./error_jung57.pdf): PDF inclusion: multiple pdf
s with page group included in a single page
>]
<convergenciaJungH57.pdf, id=2088, 462.52798pt x 346.89601pt>
File: convergenciaJungH57.pdf Graphic file (type pdf)
<use convergenciaJungH57.pdf>
Package pdftex.def Info: convergenciaJungH57.pdf  used on input line 691.
(pdftex.def)             Requested size: 185.0079pt x 138.75594pt.

Overfull \vbox (16.1965pt too high) detected at line 691
 []

[26

 <./convergenciaJungH57.pdf>]
<convergenciaJungT57.pdf, id=2154, 462.52798pt x 346.89601pt>
File: convergenciaJungT57.pdf Graphic file (type pdf)
<use convergenciaJungT57.pdf>
Package pdftex.def Info: convergenciaJungT57.pdf  used on input line 705.
(pdftex.def)             Requested size: 185.0079pt x 138.75594pt.
 [27

 <./convergenciaJungT57.pdf>] [28

]
<cruce_estandar.pdf, id=2242, 462.52798pt x 346.89601pt>
File: cruce_estandar.pdf Graphic file (type pdf)
<use cruce_estandar.pdf>
Package pdftex.def Info: cruce_estandar.pdf  used on input line 729.
(pdftex.def)             Requested size: 231.26341pt x 173.44757pt.

Overfull \vbox (1.75714pt too high) detected at line 729
 []

[29

 <./cruce_estandar.pdf>]
<crucesL.pdf, id=2756, 462.52798pt x 346.89601pt>
File: crucesL.pdf Graphic file (type pdf)
<use crucesL.pdf>
Package pdftex.def Info: crucesL.pdf  used on input line 738.
(pdftex.def)             Requested size: 231.26341pt x 173.44757pt.
 [30

 <./crucesL.pdf>]
<alpha.pdf, id=2828, 462.52798pt x 346.89601pt>
File: alpha.pdf Graphic file (type pdf)
<use alpha.pdf>
Package pdftex.def Info: alpha.pdf  used on input line 747.
(pdftex.def)             Requested size: 142.26378pt x 106.70032pt.
<beta.pdf, id=2829, 462.52798pt x 346.89601pt>
File: beta.pdf Graphic file (type pdf)
<use beta.pdf>
Package pdftex.def Info: beta.pdf  used on input line 747.
(pdftex.def)             Requested size: 142.26378pt x 106.70032pt.
 [31

 <./alpha.pdf> <./beta.pdf

pdfTeX warning: pdflatex (file ./beta.pdf): PDF inclusion: multiple pdfs with p
age group included in a single page
>]
<cruces_jung1.pdf, id=2912, 462.52798pt x 346.89601pt>
File: cruces_jung1.pdf Graphic file (type pdf)
<use cruces_jung1.pdf>
Package pdftex.def Info: cruces_jung1.pdf  used on input line 757.
(pdftex.def)             Requested size: 231.26341pt x 173.44757pt.

Overfull \vbox (1.75714pt too high) detected at line 757
 []

[32

 <./cruces_jung1.pdf>]
<cruce_a.pdf, id=2974, 462.52798pt x 346.89601pt>
File: cruce_a.pdf Graphic file (type pdf)
<use cruce_a.pdf>
Package pdftex.def Info: cruce_a.pdf  used on input line 767.
(pdftex.def)             Requested size: 113.81102pt x 85.35814pt.
<cruce_b.pdf, id=2975, 462.52798pt x 346.89601pt>
File: cruce_b.pdf Graphic file (type pdf)
<use cruce_b.pdf>
Package pdftex.def Info: cruce_b.pdf  used on input line 767.
(pdftex.def)             Requested size: 113.81102pt x 85.35814pt.
<cruce_c.pdf, id=2976, 462.52798pt x 346.89601pt>
File: cruce_c.pdf Graphic file (type pdf)
<use cruce_c.pdf>
Package pdftex.def Info: cruce_c.pdf  used on input line 767.
(pdftex.def)             Requested size: 113.81102pt x 85.35814pt.
 [33

 <./cruce_a.pdf> <./cruce_b.pdf

pdfTeX warning: pdflatex (file ./cruce_b.pdf): PDF inclusion: multiple pdfs wit
h page group included in a single page
> <./cruce_c.pdf

pdfTeX warning: pdflatex (file ./cruce_c.pdf): PDF inclusion: multiple pdfs wit
h page group included in a single page
>]
<herradura.png, id=3085, 664.4825pt x 635.37375pt>
File: herradura.png Graphic file (type png)
<use herradura.png>
Package pdftex.def Info: herradura.png  used on input line 779.
(pdftex.def)             Requested size: 179.41266pt x 171.55319pt.

Overfull \vbox (2.36215pt too high) detected at line 779
 []

[34

 <./herradura.png>] [35

]
<rectangulo_fundamental.pdf, id=3150, 462.52798pt x 346.89601pt>
File: rectangulo_fundamental.pdf Graphic file (type pdf)
<use rectangulo_fundamental.pdf>
Package pdftex.def Info: rectangulo_fundamental.pdf  used on input line 811.
(pdftex.def)             Requested size: 231.26341pt x 173.44757pt.
 [36

 <./rectangulo_fundamental.pdf>]
<rectangulo1.pdf, id=3216, 462.52798pt x 346.89601pt>
File: rectangulo1.pdf Graphic file (type pdf)
<use rectangulo1.pdf>
Package pdftex.def Info: rectangulo1.pdf  used on input line 820.
(pdftex.def)             Requested size: 231.26341pt x 173.44757pt.
 [37

 <./rectangulo1.pdf>] [38

]
<error1ite.pdf, id=3304, 462.52798pt x 346.89601pt>
File: error1ite.pdf Graphic file (type pdf)
<use error1ite.pdf>
Package pdftex.def Info: error1ite.pdf  used on input line 842.
(pdftex.def)             Requested size: 277.51892pt x 208.1392pt.

Overfull \vbox (5.73811pt too high) detected at line 842
 []

[39

 <./error1ite.pdf>]
<rectangulo2.pdf, id=3366, 462.52798pt x 346.89601pt>
File: rectangulo2.pdf Graphic file (type pdf)
<use rectangulo2.pdf>
Package pdftex.def Info: rectangulo2.pdf  used on input line 853.
(pdftex.def)             Requested size: 277.51892pt x 208.1392pt.

Overfull \vbox (29.05078pt too high) detected at line 853
 []

[40

 <./rectangulo2.pdf>]
<rectangulo3.pdf, id=3424, 462.52798pt x 346.89601pt>
File: rectangulo3.pdf Graphic file (type pdf)
<use rectangulo3.pdf>
Package pdftex.def Info: rectangulo3.pdf  used on input line 863.
(pdftex.def)             Requested size: 277.51892pt x 208.1392pt.

Overfull \vbox (13.01073pt too high) detected at line 863
 []

[41

 <./rectangulo3.pdf>]
<rectangulo4.pdf, id=3482, 462.52798pt x 346.89601pt>
File: rectangulo4.pdf Graphic file (type pdf)
<use rectangulo4.pdf>
Package pdftex.def Info: rectangulo4.pdf  used on input line 872.
(pdftex.def)             Requested size: 277.51892pt x 208.1392pt.

Overfull \vbox (8.93813pt too high) detected at line 872
 []

[42

 <./rectangulo4.pdf>]
<rectangulo5.pdf, id=3540, 462.52798pt x 346.89601pt>
File: rectangulo5.pdf Graphic file (type pdf)
<use rectangulo5.pdf>
Package pdftex.def Info: rectangulo5.pdf  used on input line 881.
(pdftex.def)             Requested size: 277.51892pt x 208.1392pt.

Overfull \vbox (8.93813pt too high) detected at line 881
 []

[43

 <./rectangulo5.pdf>] [44

] (presentacionTesis.bbl
LaTeX Font Info:    Try loading font information for T1+cmtt on input line 5.

(/home/evelyn/.miktex/texmfs/install/tex/latex/base/t1cmtt.fd
File: t1cmtt.fd 2014/09/29 v2.5h Standard LaTeX font definitions
)) [45

 </home/evelyn/.miktex/texmfs/install/tex/latex/beamer/beamericonarticle.pdf>] 
[46


]
[47


] [48


] [49


] [50


] [51


] [52


] [53


] [54


]
\tf@nav=\write7
\openout7 = `presentacionTesis.nav'.

\tf@toc=\write8
\openout8 = `presentacionTesis.toc'.

\tf@snm=\write9
\openout9 = `presentacionTesis.snm'.

Package atveryend Info: Empty hook `BeforeClearDocument' on input line 907.
Package atveryend Info: Empty hook `AfterLastShipout' on input line 907.
 (presentacionTesis.aux
LaTeX Info: Redefining \. on input line 23.
LaTeX Info: Redefining \% on input line 23.
)
Package atveryend Info: Executing hook `AtVeryEndDocument' on input line 907.
Package atveryend Info: Executing hook `AtEndAfterFileList' on input line 907.
Package rerunfilecheck Info: File `presentacionTesis.out' has not changed.
(rerunfilecheck)             Checksum: D41D8CD98F00B204E9800998ECF8427E;0.
 ) 
Here is how much of TeX's memory you used:
 22542 strings out of 494866
 405714 string characters out of 3178265
 511675 words of memory out of 3000000
 25432 multiletter control sequences out of 15000+200000
 35981 words of font info for 88 fonts, out of 3000000 for 9000
 0 hyphenation exceptions out of 8191
 56i,15n,59p,3251b,600s stack positions out of 5000i,500n,10000p,200000b,50000s
 </home/evelyn/.miktex/texmfs/data/fonts/pk/ljfour/jknappen/ec/dpi600/ectt109
5.pk> </home/evelyn/.miktex/texmfs/data/fonts/pk/ljfour/jknappen/ec/dpi600/ecss
0700.pk> </home/evelyn/.miktex/texmfs/data/fonts/pk/ljfour/jknappen/ec/dpi600/e
css0900.pk> </home/evelyn/.miktex/texmfs/data/fonts/pk/ljfour/jknappen/ec/dpi60
0/ecsi1095.pk> </home/evelyn/.miktex/texmfs/data/fonts/pk/ljfour/jknappen/ec/dp
i600/ecrm1095.pk> </home/evelyn/.miktex/texmfs/data/fonts/pk/ljfour/jknappen/ec
/dpi600/ecss1200.pk> </home/evelyn/.miktex/texmfs/data/fonts/pk/ljfour/jknappen
/ec/dpi600/ecsx1095.pk> </home/evelyn/.miktex/texmfs/data/fonts/pk/ljfour/jknap
pen/ec/dpi600/ecss0600.pk> </home/evelyn/.miktex/texmfs/data/fonts/pk/ljfour/jk
nappen/ec/dpi600/ecss1000.pk> </home/evelyn/.miktex/texmfs/data/fonts/pk/ljfour
/jknappen/ec/dpi600/ecss0800.pk> </home/evelyn/.miktex/texmfs/data/fonts/pk/ljf
our/jknappen/ec/dpi600/ecss1095.pk> </home/evelyn/.miktex/texmfs/data/fonts/pk/
ljfour/jknappen/ec/dpi600/ecss1440.pk></home/evelyn/.miktex/texmfs/install/font
s/type1/public/amsfonts/cm/cmex10.pfb></home/evelyn/.miktex/texmfs/install/font
s/type1/public/amsfonts/cm/cmmi10.pfb></home/evelyn/.miktex/texmfs/install/font
s/type1/public/amsfonts/cm/cmmi8.pfb></home/evelyn/.miktex/texmfs/install/fonts
/type1/public/amsfonts/cm/cmmi9.pfb></home/evelyn/.miktex/texmfs/install/fonts/
type1/public/amsfonts/cm/cmss10.pfb></home/evelyn/.miktex/texmfs/install/fonts/
type1/public/amsfonts/cm/cmss8.pfb></home/evelyn/.miktex/texmfs/install/fonts/t
ype1/public/amsfonts/cm/cmss9.pfb></home/evelyn/.miktex/texmfs/install/fonts/ty
pe1/public/amsfonts/cm/cmssi10.pfb></home/evelyn/.miktex/texmfs/install/fonts/t
ype1/public/amsfonts/cm/cmssi8.pfb></home/evelyn/.miktex/texmfs/install/fonts/t
ype1/public/amsfonts/cm/cmssi9.pfb></home/evelyn/.miktex/texmfs/install/fonts/t
ype1/public/amsfonts/cm/cmsy10.pfb></home/evelyn/.miktex/texmfs/install/fonts/t
ype1/public/amsfonts/cm/cmsy7.pfb></home/evelyn/.miktex/texmfs/install/fonts/ty
pe1/public/amsfonts/cm/cmsy8.pfb></home/evelyn/.miktex/texmfs/install/fonts/typ
e1/public/lm/lmu10.pfb></home/evelyn/.miktex/texmfs/install/fonts/type1/public/
amsfonts/symbols/msam10.pfb></home/evelyn/.miktex/texmfs/install/fonts/type1/pu
blic/amsfonts/symbols/msbm10.pfb>
Output written on presentacionTesis.pdf (54 pages, 4973057 bytes).
PDF statistics:
 4431 PDF objects out of 5155 (max. 8388607)
 195 named destinations out of 1000 (max. 500000)
 240 words of extra memory for PDF output out of 10000 (max. 10000000)

