This is pdfTeX, Version 3.1415926-2.5-1.40.14 (TeX Live 2013/Debian) (format=pdflatex 2017.10.3)  25 NOV 2018 00:03
entering extended mode
 restricted \write18 enabled.
 %&-line parsing enabled.
**tesis.tex
(./tesis.tex
LaTeX2e <2011/06/27>
Babel <3.9h> and hyphenation patterns for 7 languages loaded.
(./Latex/Classes/PhDthesisPSnPDF.cls
Document Class: Latex/Classes/PhDthesisPSnPDF 2007/09/06 v2 PhD thesis class
(/usr/share/texlive/texmf-dist/tex/latex/base/book.cls
Document Class: book 2007/10/19 v1.4h Standard LaTeX document class
(/usr/share/texlive/texmf-dist/tex/latex/base/bk11.clo
File: bk11.clo 2007/10/19 v1.4h Standard LaTeX file (size option)
)
\c@part=\count79
\c@chapter=\count80
\c@section=\count81
\c@subsection=\count82
\c@subsubsection=\count83
\c@paragraph=\count84
\c@subparagraph=\count85
\c@figure=\count86
\c@table=\count87
\abovecaptionskip=\skip41
\belowcaptionskip=\skip42
\bibindent=\dimen102
)
(/usr/share/texlive/texmf-dist/tex/latex/amsfonts/amssymb.sty
Package: amssymb 2013/01/14 v3.01 AMS font symbols

(/usr/share/texlive/texmf-dist/tex/latex/amsfonts/amsfonts.sty
Package: amsfonts 2013/01/14 v3.01 Basic AMSFonts support
\@emptytoks=\toks14
\symAMSa=\mathgroup4
\symAMSb=\mathgroup5
LaTeX Font Info:    Overwriting math alphabet `\mathfrak' in version `bold'
(Font)                  U/euf/m/n --> U/euf/b/n on input line 106.
))
(/usr/share/texlive/texmf-dist/tex/latex/amsmath/amsmath.sty
Package: amsmath 2013/01/14 v2.14 AMS math features
\@mathmargin=\skip43

For additional information on amsmath, use the `?' option.
(/usr/share/texlive/texmf-dist/tex/latex/amsmath/amstext.sty
Package: amstext 2000/06/29 v2.01

(/usr/share/texlive/texmf-dist/tex/latex/amsmath/amsgen.sty
File: amsgen.sty 1999/11/30 v2.0
\@emptytoks=\toks15
\ex@=\dimen103
))
(/usr/share/texlive/texmf-dist/tex/latex/amsmath/amsbsy.sty
Package: amsbsy 1999/11/29 v1.2d
\pmbraise@=\dimen104
)
(/usr/share/texlive/texmf-dist/tex/latex/amsmath/amsopn.sty
Package: amsopn 1999/12/14 v2.01 operator names
)
\inf@bad=\count88
LaTeX Info: Redefining \frac on input line 210.
\uproot@=\count89
\leftroot@=\count90
LaTeX Info: Redefining \overline on input line 306.
\classnum@=\count91
\DOTSCASE@=\count92
LaTeX Info: Redefining \ldots on input line 378.
LaTeX Info: Redefining \dots on input line 381.
LaTeX Info: Redefining \cdots on input line 466.
\Mathstrutbox@=\box26
\strutbox@=\box27
\big@size=\dimen105
LaTeX Font Info:    Redeclaring font encoding OML on input line 566.
LaTeX Font Info:    Redeclaring font encoding OMS on input line 567.
\macc@depth=\count93
\c@MaxMatrixCols=\count94
\dotsspace@=\muskip10
\c@parentequation=\count95
\dspbrk@lvl=\count96
\tag@help=\toks16
\row@=\count97
\column@=\count98
\maxfields@=\count99
\andhelp@=\toks17
\eqnshift@=\dimen106
\alignsep@=\dimen107
\tagshift@=\dimen108
\tagwidth@=\dimen109
\totwidth@=\dimen110
\lineht@=\dimen111
\@envbody=\toks18
\multlinegap=\skip44
\multlinetaggap=\skip45
\mathdisplay@stack=\toks19
LaTeX Info: Redefining \[ on input line 2665.
LaTeX Info: Redefining \] on input line 2666.
)
(/usr/share/texlive/texmf-dist/tex/latex/base/inputenc.sty
Package: inputenc 2008/03/30 v1.1d Input encoding file
\inpenc@prehook=\toks20
\inpenc@posthook=\toks21

(/usr/share/texlive/texmf-dist/tex/latex/base/utf8.def
File: utf8.def 2008/04/05 v1.1m UTF-8 support for inputenc
Now handling font encoding OML ...
... no UTF-8 mapping file for font encoding OML
Now handling font encoding T1 ...
... processing UTF-8 mapping file for font encoding T1

(/usr/share/texlive/texmf-dist/tex/latex/base/t1enc.dfu
File: t1enc.dfu 2008/04/05 v1.1m UTF-8 support for inputenc
   defining Unicode char U+00A1 (decimal 161)
   defining Unicode char U+00A3 (decimal 163)
   defining Unicode char U+00AB (decimal 171)
   defining Unicode char U+00BB (decimal 187)
   defining Unicode char U+00BF (decimal 191)
   defining Unicode char U+00C0 (decimal 192)
   defining Unicode char U+00C1 (decimal 193)
   defining Unicode char U+00C2 (decimal 194)
   defining Unicode char U+00C3 (decimal 195)
   defining Unicode char U+00C4 (decimal 196)
   defining Unicode char U+00C5 (decimal 197)
   defining Unicode char U+00C6 (decimal 198)
   defining Unicode char U+00C7 (decimal 199)
   defining Unicode char U+00C8 (decimal 200)
   defining Unicode char U+00C9 (decimal 201)
   defining Unicode char U+00CA (decimal 202)
   defining Unicode char U+00CB (decimal 203)
   defining Unicode char U+00CC (decimal 204)
   defining Unicode char U+00CD (decimal 205)
   defining Unicode char U+00CE (decimal 206)
   defining Unicode char U+00CF (decimal 207)
   defining Unicode char U+00D0 (decimal 208)
   defining Unicode char U+00D1 (decimal 209)
   defining Unicode char U+00D2 (decimal 210)
   defining Unicode char U+00D3 (decimal 211)
   defining Unicode char U+00D4 (decimal 212)
   defining Unicode char U+00D5 (decimal 213)
   defining Unicode char U+00D6 (decimal 214)
   defining Unicode char U+00D8 (decimal 216)
   defining Unicode char U+00D9 (decimal 217)
   defining Unicode char U+00DA (decimal 218)
   defining Unicode char U+00DB (decimal 219)
   defining Unicode char U+00DC (decimal 220)
   defining Unicode char U+00DD (decimal 221)
   defining Unicode char U+00DE (decimal 222)
   defining Unicode char U+00DF (decimal 223)
   defining Unicode char U+00E0 (decimal 224)
   defining Unicode char U+00E1 (decimal 225)
   defining Unicode char U+00E2 (decimal 226)
   defining Unicode char U+00E3 (decimal 227)
   defining Unicode char U+00E4 (decimal 228)
   defining Unicode char U+00E5 (decimal 229)
   defining Unicode char U+00E6 (decimal 230)
   defining Unicode char U+00E7 (decimal 231)
   defining Unicode char U+00E8 (decimal 232)
   defining Unicode char U+00E9 (decimal 233)
   defining Unicode char U+00EA (decimal 234)
   defining Unicode char U+00EB (decimal 235)
   defining Unicode char U+00EC (decimal 236)
   defining Unicode char U+00ED (decimal 237)
   defining Unicode char U+00EE (decimal 238)
   defining Unicode char U+00EF (decimal 239)
   defining Unicode char U+00F0 (decimal 240)
   defining Unicode char U+00F1 (decimal 241)
   defining Unicode char U+00F2 (decimal 242)
   defining Unicode char U+00F3 (decimal 243)
   defining Unicode char U+00F4 (decimal 244)
   defining Unicode char U+00F5 (decimal 245)
   defining Unicode char U+00F6 (decimal 246)
   defining Unicode char U+00F8 (decimal 248)
   defining Unicode char U+00F9 (decimal 249)
   defining Unicode char U+00FA (decimal 250)
   defining Unicode char U+00FB (decimal 251)
   defining Unicode char U+00FC (decimal 252)
   defining Unicode char U+00FD (decimal 253)
   defining Unicode char U+00FE (decimal 254)
   defining Unicode char U+00FF (decimal 255)
   defining Unicode char U+0102 (decimal 258)
   defining Unicode char U+0103 (decimal 259)
   defining Unicode char U+0104 (decimal 260)
   defining Unicode char U+0105 (decimal 261)
   defining Unicode char U+0106 (decimal 262)
   defining Unicode char U+0107 (decimal 263)
   defining Unicode char U+010C (decimal 268)
   defining Unicode char U+010D (decimal 269)
   defining Unicode char U+010E (decimal 270)
   defining Unicode char U+010F (decimal 271)
   defining Unicode char U+0110 (decimal 272)
   defining Unicode char U+0111 (decimal 273)
   defining Unicode char U+0118 (decimal 280)
   defining Unicode char U+0119 (decimal 281)
   defining Unicode char U+011A (decimal 282)
   defining Unicode char U+011B (decimal 283)
   defining Unicode char U+011E (decimal 286)
   defining Unicode char U+011F (decimal 287)
   defining Unicode char U+0130 (decimal 304)
   defining Unicode char U+0131 (decimal 305)
   defining Unicode char U+0132 (decimal 306)
   defining Unicode char U+0133 (decimal 307)
   defining Unicode char U+0139 (decimal 313)
   defining Unicode char U+013A (decimal 314)
   defining Unicode char U+013D (decimal 317)
   defining Unicode char U+013E (decimal 318)
   defining Unicode char U+0141 (decimal 321)
   defining Unicode char U+0142 (decimal 322)
   defining Unicode char U+0143 (decimal 323)
   defining Unicode char U+0144 (decimal 324)
   defining Unicode char U+0147 (decimal 327)
   defining Unicode char U+0148 (decimal 328)
   defining Unicode char U+014A (decimal 330)
   defining Unicode char U+014B (decimal 331)
   defining Unicode char U+0150 (decimal 336)
   defining Unicode char U+0151 (decimal 337)
   defining Unicode char U+0152 (decimal 338)
   defining Unicode char U+0153 (decimal 339)
   defining Unicode char U+0154 (decimal 340)
   defining Unicode char U+0155 (decimal 341)
   defining Unicode char U+0158 (decimal 344)
   defining Unicode char U+0159 (decimal 345)
   defining Unicode char U+015A (decimal 346)
   defining Unicode char U+015B (decimal 347)
   defining Unicode char U+015E (decimal 350)
   defining Unicode char U+015F (decimal 351)
   defining Unicode char U+0160 (decimal 352)
   defining Unicode char U+0161 (decimal 353)
   defining Unicode char U+0162 (decimal 354)
   defining Unicode char U+0163 (decimal 355)
   defining Unicode char U+0164 (decimal 356)
   defining Unicode char U+0165 (decimal 357)
   defining Unicode char U+016E (decimal 366)
   defining Unicode char U+016F (decimal 367)
   defining Unicode char U+0170 (decimal 368)
   defining Unicode char U+0171 (decimal 369)
   defining Unicode char U+0178 (decimal 376)
   defining Unicode char U+0179 (decimal 377)
   defining Unicode char U+017A (decimal 378)
   defining Unicode char U+017B (decimal 379)
   defining Unicode char U+017C (decimal 380)
   defining Unicode char U+017D (decimal 381)
   defining Unicode char U+017E (decimal 382)
   defining Unicode char U+200C (decimal 8204)
   defining Unicode char U+2013 (decimal 8211)
   defining Unicode char U+2014 (decimal 8212)
   defining Unicode char U+2018 (decimal 8216)
   defining Unicode char U+2019 (decimal 8217)
   defining Unicode char U+201A (decimal 8218)
   defining Unicode char U+201C (decimal 8220)
   defining Unicode char U+201D (decimal 8221)
   defining Unicode char U+201E (decimal 8222)
   defining Unicode char U+2030 (decimal 8240)
   defining Unicode char U+2031 (decimal 8241)
   defining Unicode char U+2039 (decimal 8249)
   defining Unicode char U+203A (decimal 8250)
   defining Unicode char U+2423 (decimal 9251)
)
Now handling font encoding OT1 ...
... processing UTF-8 mapping file for font encoding OT1

(/usr/share/texlive/texmf-dist/tex/latex/base/ot1enc.dfu
File: ot1enc.dfu 2008/04/05 v1.1m UTF-8 support for inputenc
   defining Unicode char U+00A1 (decimal 161)
   defining Unicode char U+00A3 (decimal 163)
   defining Unicode char U+00B8 (decimal 184)
   defining Unicode char U+00BF (decimal 191)
   defining Unicode char U+00C5 (decimal 197)
   defining Unicode char U+00C6 (decimal 198)
   defining Unicode char U+00D8 (decimal 216)
   defining Unicode char U+00DF (decimal 223)
   defining Unicode char U+00E6 (decimal 230)
   defining Unicode char U+00EC (decimal 236)
   defining Unicode char U+00ED (decimal 237)
   defining Unicode char U+00EE (decimal 238)
   defining Unicode char U+00EF (decimal 239)
   defining Unicode char U+00F8 (decimal 248)
   defining Unicode char U+0131 (decimal 305)
   defining Unicode char U+0141 (decimal 321)
   defining Unicode char U+0142 (decimal 322)
   defining Unicode char U+0152 (decimal 338)
   defining Unicode char U+0153 (decimal 339)
   defining Unicode char U+2013 (decimal 8211)
   defining Unicode char U+2014 (decimal 8212)
   defining Unicode char U+2018 (decimal 8216)
   defining Unicode char U+2019 (decimal 8217)
   defining Unicode char U+201C (decimal 8220)
   defining Unicode char U+201D (decimal 8221)
)
Now handling font encoding OMS ...
... processing UTF-8 mapping file for font encoding OMS

(/usr/share/texlive/texmf-dist/tex/latex/base/omsenc.dfu
File: omsenc.dfu 2008/04/05 v1.1m UTF-8 support for inputenc
   defining Unicode char U+00A7 (decimal 167)
   defining Unicode char U+00B6 (decimal 182)
   defining Unicode char U+00B7 (decimal 183)
   defining Unicode char U+2020 (decimal 8224)
   defining Unicode char U+2021 (decimal 8225)
   defining Unicode char U+2022 (decimal 8226)
)
Now handling font encoding OMX ...
... no UTF-8 mapping file for font encoding OMX
Now handling font encoding U ...
... no UTF-8 mapping file for font encoding U
   defining Unicode char U+00A9 (decimal 169)
   defining Unicode char U+00AA (decimal 170)
   defining Unicode char U+00AE (decimal 174)
   defining Unicode char U+00BA (decimal 186)
   defining Unicode char U+02C6 (decimal 710)
   defining Unicode char U+02DC (decimal 732)
   defining Unicode char U+200C (decimal 8204)
   defining Unicode char U+2026 (decimal 8230)
   defining Unicode char U+2122 (decimal 8482)
   defining Unicode char U+2423 (decimal 9251)
))
(/usr/share/texlive/texmf-dist/tex/latex/listings/listings.sty
(/usr/share/texlive/texmf-dist/tex/latex/graphics/keyval.sty
Package: keyval 1999/03/16 v1.13 key=value parser (DPC)
\KV@toks@=\toks22
)
\lst@mode=\count100
\lst@gtempboxa=\box28
\lst@token=\toks23
\lst@length=\count101
\lst@currlwidth=\dimen112
\lst@column=\count102
\lst@pos=\count103
\lst@lostspace=\dimen113
\lst@width=\dimen114
\lst@newlines=\count104
\lst@lineno=\count105
\lst@maxwidth=\dimen115

(/usr/share/texlive/texmf-dist/tex/latex/listings/lstmisc.sty
File: lstmisc.sty 2013/08/26 1.5b (Carsten Heinz)
\c@lstnumber=\count106
\lst@skipnumbers=\count107
\lst@framebox=\box29
)
(/usr/share/texlive/texmf-dist/tex/latex/listings/listings.cfg
File: listings.cfg 2013/08/26 1.5b listings configuration
))
Package: listings 2013/08/26 1.5b (Carsten Heinz)

(/usr/share/texlive/texmf-dist/tex/latex/emptypage/emptypage.sty
Package: emptypage 2010/05/30 v1.2 Suppress page numbers and headings on empty 
pages
)
(/usr/share/texlive/texmf-dist/tex/latex/wrapfig/wrapfig.sty
\wrapoverhang=\dimen116
\WF@size=\dimen117
\c@WF@wrappedlines=\count108
\WF@box=\box30
\WF@everypar=\toks24
Package: wrapfig 2003/01/31  v 3.6
)
(/usr/share/texlive/texmf-dist/tex/latex/caption/caption.sty
Package: caption 2013/05/02 v3.3-89 Customizing captions (AR)

(/usr/share/texlive/texmf-dist/tex/latex/caption/caption3.sty
Package: caption3 2013/05/02 v1.6-88 caption3 kernel (AR)
Package caption3 Info: TeX engine: e-TeX on input line 57.
\captionmargin=\dimen118
\captionmargin@=\dimen119
\captionwidth=\dimen120
\caption@tempdima=\dimen121
\caption@indent=\dimen122
\caption@parindent=\dimen123
\caption@hangindent=\dimen124
)
\c@ContinuedFloat=\count109
Package caption Info: listings package is loaded.
Package caption Info: wrapfig package is loaded.
)
(/usr/share/texlive/texmf-dist/tex/latex/subfigure/subfigure.sty
Package: subfigure 2002/03/15 v2.1.5 subfigure package
\subfigtopskip=\skip46
\subfigcapskip=\skip47
\subfigcaptopadj=\dimen125
\subfigbottomskip=\skip48
\subfigcapmargin=\dimen126
\subfiglabelskip=\skip49
\c@subfigure=\count110
\c@lofdepth=\count111
\c@subtable=\count112
\c@lotdepth=\count113

****************************************
* Local config file subfigure.cfg used *
****************************************
(/usr/share/texlive/texmf-dist/tex/latex/subfigure/subfigure.cfg)
\subfig@top=\skip50
\subfig@bottom=\skip51
)
(/usr/share/texlive/texmf-dist/tex/latex/base/makeidx.sty
Package: makeidx 2000/03/29 v1.0m Standard LaTeX package
)
(/usr/share/texlive/texmf-dist/tex/latex/mh/mathtools.sty
Package: mathtools 2013/02/12 v1.13 mathematical typesetting tools

(/usr/share/texlive/texmf-dist/tex/latex/tools/calc.sty
Package: calc 2007/08/22 v4.3 Infix arithmetic (KKT,FJ)
\calc@Acount=\count114
\calc@Bcount=\count115
\calc@Adimen=\dimen127
\calc@Bdimen=\dimen128
\calc@Askip=\skip52
\calc@Bskip=\skip53
LaTeX Info: Redefining \setlength on input line 76.
LaTeX Info: Redefining \addtolength on input line 77.
\calc@Ccount=\count116
\calc@Cskip=\skip54
)
(/usr/share/texlive/texmf-dist/tex/latex/mh/mhsetup.sty
Package: mhsetup 2010/01/21 v1.2a programming setup (MH)
)
LaTeX Info: Thecontrolsequence`\['isalreadyrobust on input line 129.
LaTeX Info: Thecontrolsequence`\]'isalreadyrobust on input line 129.
\g_MT_multlinerow_int=\count117
\l_MT_multwidth_dim=\dimen129
\origjot=\skip55
\l_MT_shortvdotswithinadjustabove_dim=\dimen130
\l_MT_shortvdotswithinadjustbelow_dim=\dimen131
\l_MT_above_intertext_sep=\dimen132
\l_MT_below_intertext_sep=\dimen133
\l_MT_above_shortintertext_sep=\dimen134
\l_MT_below_shortintertext_sep=\dimen135
)
(/usr/share/texlive/texmf-dist/tex/latex/jknapltx/mathrsfs.sty
Package: mathrsfs 1996/01/01 Math RSFS package v1.0 (jk)
\symrsfs=\mathgroup6
)
(/usr/share/texlive/texmf-dist/tex/latex/fancyhdr/fancyhdr.sty
\fancy@headwidth=\skip56
\f@ncyO@elh=\skip57
\f@ncyO@erh=\skip58
\f@ncyO@olh=\skip59
\f@ncyO@orh=\skip60
\f@ncyO@elf=\skip61
\f@ncyO@erf=\skip62
\f@ncyO@olf=\skip63
\f@ncyO@orf=\skip64
)
(/usr/share/texlive/texmf-dist/tex/latex/amsfonts/eucal.sty
Package: eucal 2009/06/22 v3.00 Euler Script fonts
LaTeX Font Info:    Overwriting math alphabet `\EuScript' in version `bold'
(Font)                  U/eus/m/n --> U/eus/b/n on input line 33.
)
(/usr/share/texlive/texmf-dist/tex/generic/babel/babel.sty
Package: babel 2013/12/03 3.9h The Babel package

(/usr/share/texlive/texmf-dist/tex/generic/babel-spanish/spanish.ldf
Language: spanish.ldf 2014/01/29 v5.0m Spanish support from the babel system

(/usr/share/texlive/texmf-dist/tex/generic/babel/babel.def
File: babel.def 2013/12/03 3.9h Babel common definitions
\babel@savecnt=\count118
\U@D=\dimen136
)
\es@datefmt=\count119
\es@quottoks=\toks25
\es@quotdepth=\count120
Package babel Info: Making " an active character on input line 496.
))
(/usr/share/texlive/texmf-dist/tex/latex/float/float.sty
Package: float 2001/11/08 v1.3d Float enhancements (AL)
\c@float@type=\count121
\float@exts=\toks26
\float@box=\box31
\@float@everytoks=\toks27
\@floatcapt=\box32
)
(/usr/share/texlive/texmf-dist/tex/latex/graphics/color.sty
Package: color 2005/11/14 v1.0j Standard LaTeX Color (DPC)

(/usr/share/texlive/texmf-dist/tex/latex/latexconfig/color.cfg
File: color.cfg 2007/01/18 v1.5 color configuration of teTeX/TeXLive
)
Package color Info: Driver file: pdftex.def on input line 130.

(/usr/share/texlive/texmf-dist/tex/latex/pdftex-def/pdftex.def
File: pdftex.def 2011/05/27 v0.06d Graphics/color for pdfTeX

(/usr/share/texlive/texmf-dist/tex/generic/oberdiek/infwarerr.sty
Package: infwarerr 2010/04/08 v1.3 Providing info/warning/error messages (HO)
)
(/usr/share/texlive/texmf-dist/tex/generic/oberdiek/ltxcmds.sty
Package: ltxcmds 2011/11/09 v1.22 LaTeX kernel commands for general use (HO)
)
\Gread@gobject=\count122
))
(/usr/share/texlive/texmf-dist/tex/latex/footmisc/footmisc.sty
Package: footmisc 2011/06/06 v5.5b a miscellany of footnote facilities
\FN@temptoken=\toks28
\footnotemargin=\dimen137
\c@pp@next@reset=\count123
\c@@fnserial=\count124
Package footmisc Info: Declaring symbol style bringhurst on input line 855.
Package footmisc Info: Declaring symbol style chicago on input line 863.
Package footmisc Info: Declaring symbol style wiley on input line 872.
Package footmisc Info: Declaring symbol style lamport-robust on input line 883.

Package footmisc Info: Declaring symbol style lamport* on input line 903.
Package footmisc Info: Declaring symbol style lamport*-robust on input line 924
.
)
(/usr/share/texlive/texmf-dist/tex/latex/natbib/natbib.sty
Package: natbib 2010/09/13 8.31b (PWD, AO)
\bibhang=\skip65
\bibsep=\skip66
LaTeX Info: Redefining \cite on input line 694.
\c@NAT@ctr=\count125
)
(/usr/share/texlive/texmf-dist/tex/latex/base/ifthen.sty
Package: ifthen 2001/05/26 v1.1c Standard LaTeX ifthen package (DPC)
)
(/usr/share/texlive/texmf-dist/tex/latex/tools/multicol.sty
Package: multicol 2011/06/27 v1.7a multicolumn formatting (FMi)
\c@tracingmulticols=\count126
\mult@box=\box33
\multicol@leftmargin=\dimen138
\c@unbalance=\count127
\c@collectmore=\count128
\doublecol@number=\count129
\multicoltolerance=\count130
\multicolpretolerance=\count131
\full@width=\dimen139
\page@free=\dimen140
\premulticols=\dimen141
\postmulticols=\dimen142
\multicolsep=\skip67
\multicolbaselineskip=\skip68
\partial@page=\box34
\last@line=\box35
\mult@rightbox=\box36
\mult@grightbox=\box37
\mult@gfirstbox=\box38
\mult@firstbox=\box39
\@tempa=\box40
\@tempa=\box41
\@tempa=\box42
\@tempa=\box43
\@tempa=\box44
\@tempa=\box45
\@tempa=\box46
\@tempa=\box47
\@tempa=\box48
\@tempa=\box49
\@tempa=\box50
\@tempa=\box51
\@tempa=\box52
\@tempa=\box53
\@tempa=\box54
\@tempa=\box55
\@tempa=\box56
\c@columnbadness=\count132
\c@finalcolumnbadness=\count133
\last@try=\dimen143
\multicolovershoot=\dimen144
\multicolundershoot=\dimen145
\mult@nat@firstbox=\box57
\colbreak@box=\box58
\multicol@sort@counter=\count134
)
(/usr/share/texlive/texmf-dist/tex/latex/tocbibind/tocbibind.sty
Package: tocbibind 2010/10/13 v1.5k extra ToC listings
Package tocbibind Info: The document has chapter divisions on input line 50.


Package tocbibind Note: Using chapter style headings, unless overridden.

) (/usr/share/texlive/texmf-dist/tex/latex/titlesec/titlesec.sty
Package: titlesec 2011/12/15 v2.10.0 Sectioning titles
\ttl@box=\box59
\beforetitleunit=\skip69
\aftertitleunit=\skip70
\ttl@plus=\dimen146
\ttl@minus=\dimen147
\ttl@toksa=\toks29
\titlewidth=\dimen148
\titlewidthlast=\dimen149
\titlewidthfirst=\dimen150
)
(/usr/share/texlive/texmf-dist/tex/generic/oberdiek/ifpdf.sty
Package: ifpdf 2011/01/30 v2.3 Provides the ifpdf switch (HO)
Package ifpdf Info: pdfTeX in PDF mode is detected.
)
(/usr/share/texlive/texmf-dist/tex/latex/hyperref/hyperref.sty
Package: hyperref 2012/11/06 v6.83m Hypertext links for LaTeX

(/usr/share/texlive/texmf-dist/tex/generic/oberdiek/hobsub-hyperref.sty
Package: hobsub-hyperref 2012/05/28 v1.13 Bundle oberdiek, subset hyperref (HO)


(/usr/share/texlive/texmf-dist/tex/generic/oberdiek/hobsub-generic.sty
Package: hobsub-generic 2012/05/28 v1.13 Bundle oberdiek, subset generic (HO)
Package: hobsub 2012/05/28 v1.13 Construct package bundles (HO)
Package hobsub Info: Skipping package `infwarerr' (already loaded).
Package hobsub Info: Skipping package `ltxcmds' (already loaded).
Package: ifluatex 2010/03/01 v1.3 Provides the ifluatex switch (HO)
Package ifluatex Info: LuaTeX not detected.
Package: ifvtex 2010/03/01 v1.5 Detect VTeX and its facilities (HO)
Package ifvtex Info: VTeX not detected.
Package: intcalc 2007/09/27 v1.1 Expandable calculations with integers (HO)
Package hobsub Info: Skipping package `ifpdf' (already loaded).
Package: etexcmds 2011/02/16 v1.5 Avoid name clashes with e-TeX commands (HO)
Package etexcmds Info: Could not find \expanded.
(etexcmds)             That can mean that you are not using pdfTeX 1.50 or
(etexcmds)             that some package has redefined \expanded.
(etexcmds)             In the latter case, load this package earlier.
Package: kvsetkeys 2012/04/25 v1.16 Key value parser (HO)
Package: kvdefinekeys 2011/04/07 v1.3 Define keys (HO)
Package: pdftexcmds 2011/11/29 v0.20 Utility functions of pdfTeX for LuaTeX (HO
)
Package pdftexcmds Info: LuaTeX not detected.
Package pdftexcmds Info: \pdf@primitive is available.
Package pdftexcmds Info: \pdf@ifprimitive is available.
Package pdftexcmds Info: \pdfdraftmode found.
Package: pdfescape 2011/11/25 v1.13 Implements pdfTeX's escape features (HO)
Package: bigintcalc 2012/04/08 v1.3 Expandable calculations on big integers (HO
)
Package: bitset 2011/01/30 v1.1 Handle bit-vector datatype (HO)
Package: uniquecounter 2011/01/30 v1.2 Provide unlimited unique counter (HO)
)
Package hobsub Info: Skipping package `hobsub' (already loaded).
Package: letltxmacro 2010/09/02 v1.4 Let assignment for LaTeX macros (HO)
Package: hopatch 2012/05/28 v1.2 Wrapper for package hooks (HO)
Package: xcolor-patch 2011/01/30 xcolor patch
Package: atveryend 2011/06/30 v1.8 Hooks at the very end of document (HO)
Package atveryend Info: \enddocument detected (standard20110627).
Package: atbegshi 2011/10/05 v1.16 At begin shipout hook (HO)
Package: refcount 2011/10/16 v3.4 Data extraction from label references (HO)
Package: hycolor 2011/01/30 v1.7 Color options for hyperref/bookmark (HO)
)
(/usr/share/texlive/texmf-dist/tex/generic/ifxetex/ifxetex.sty
Package: ifxetex 2010/09/12 v0.6 Provides ifxetex conditional
)
(/usr/share/texlive/texmf-dist/tex/latex/oberdiek/auxhook.sty
Package: auxhook 2011/03/04 v1.3 Hooks for auxiliary files (HO)
)
(/usr/share/texlive/texmf-dist/tex/latex/oberdiek/kvoptions.sty
Package: kvoptions 2011/06/30 v3.11 Key value format for package options (HO)
)
\@linkdim=\dimen151
\Hy@linkcounter=\count135
\Hy@pagecounter=\count136

(/usr/share/texlive/texmf-dist/tex/latex/hyperref/pd1enc.def
File: pd1enc.def 2012/11/06 v6.83m Hyperref: PDFDocEncoding definition (HO)
Now handling font encoding PD1 ...
... no UTF-8 mapping file for font encoding PD1
)
\Hy@SavedSpaceFactor=\count137

(/usr/share/texlive/texmf-dist/tex/latex/latexconfig/hyperref.cfg
File: hyperref.cfg 2002/06/06 v1.2 hyperref configuration of TeXLive
)
Package hyperref Info: Option `plainpages' set `false' on input line 4319.
Package hyperref Info: Option `pdfpagelabels' set `true' on input line 4319.
Package hyperref Info: Option `bookmarks' set `true' on input line 4319.
Package hyperref Info: Option `bookmarksopen' set `true' on input line 4319.
Package hyperref Info: Option `bookmarksnumbered' set `true' on input line 4319
.
Package hyperref Info: Option `breaklinks' set `true' on input line 4319.
Package hyperref Info: Option `linktocpage' set `true' on input line 4319.
Package hyperref Info: Option `colorlinks' set `true' on input line 4319.
Package hyperref Info: Option `hyperindex' set `true' on input line 4319.
Package hyperref Info: Option `hyperfigures' set `true' on input line 4319.
Package hyperref Info: Hyper figures ON on input line 4441.
Package hyperref Info: Link nesting OFF on input line 4448.
Package hyperref Info: Hyper index ON on input line 4451.
Package hyperref Info: Plain pages OFF on input line 4458.
Package hyperref Info: Backreferencing ON on input line 4461.
Package hyperref Info: Implicit mode ON; LaTeX internals redefined.
Package hyperref Info: Bookmarks ON on input line 4688.

(/usr/share/texlive/texmf-dist/tex/latex/hyperref/backref.sty
Package: backref 2012/07/25 v1.38 Bibliographical back referencing

(/usr/share/texlive/texmf-dist/tex/latex/oberdiek/rerunfilecheck.sty
Package: rerunfilecheck 2011/04/15 v1.7 Rerun checks for auxiliary files (HO)
Package uniquecounter Info: New unique counter `rerunfilecheck' on input line 2
82.
))
\c@Hy@tempcnt=\count138

(/usr/share/texlive/texmf-dist/tex/latex/url/url.sty
\Urlmuskip=\muskip11
Package: url 2013/09/16  ver 3.4  Verb mode for urls, etc.
)
LaTeX Info: Redefining \url on input line 5041.
\XeTeXLinkMargin=\dimen152
\Fld@menulength=\count139
\Field@Width=\dimen153
\Fld@charsize=\dimen154
Package hyperref Info: Hyper figures ON on input line 6293.
Package hyperref Info: Link nesting OFF on input line 6300.
Package hyperref Info: Hyper index ON on input line 6303.
Package hyperref Info: backreferencing ON on input line 6308.
Package hyperref Info: Link coloring ON on input line 6313.
Package hyperref Info: Link coloring with OCG OFF on input line 6320.
Package hyperref Info: PDF/A mode OFF on input line 6325.
LaTeX Info: Redefining \ref on input line 6365.
LaTeX Info: Redefining \pageref on input line 6369.
\Hy@abspage=\count140
\c@Item=\count141
\c@Hfootnote=\count142
)

Package hyperref Message: Driver: hpdftex.

(/usr/share/texlive/texmf-dist/tex/latex/hyperref/hpdftex.def
File: hpdftex.def 2012/11/06 v6.83m Hyperref driver for pdfTeX
\Fld@listcount=\count143
\c@bookmark@seq@number=\count144
\Hy@SectionHShift=\skip71
)
(/usr/share/texlive/texmf-dist/tex/latex/graphics/graphicx.sty
Package: graphicx 1999/02/16 v1.0f Enhanced LaTeX Graphics (DPC,SPQR)

(/usr/share/texlive/texmf-dist/tex/latex/graphics/graphics.sty
Package: graphics 2009/02/05 v1.0o Standard LaTeX Graphics (DPC,SPQR)

(/usr/share/texlive/texmf-dist/tex/latex/graphics/trig.sty
Package: trig 1999/03/16 v1.09 sin cos tan (DPC)
)
(/usr/share/texlive/texmf-dist/tex/latex/latexconfig/graphics.cfg
File: graphics.cfg 2010/04/23 v1.9 graphics configuration of TeX Live
)
Package graphics Info: Driver file: pdftex.def on input line 91.
)
\Gin@req@height=\dimen155
\Gin@req@width=\dimen156
))
(/usr/share/texlive/texmf-dist/tex/latex/blindtext/blindtext.sty
Package: blindtext 2012/01/06 V2.0 blindtext-Package

(/usr/share/texlive/texmf-dist/tex/latex/tools/xspace.sty
Package: xspace 2009/10/20 v1.13 Space after command names (DPC,MH)
)
\c@blindtext=\count145
\c@Blindtext=\count146
\c@blind@countparstart=\count147
\blind@countxx=\count148
\blindtext@numBlindtext=\count149
\blind@countyy=\count150
\c@blindlist=\count151
\c@blindlistlevel=\count152
\c@blindlist@level=\count153
\blind@listitem=\count154
\c@blind@listcount=\count155
\c@blind@levelcount=\count156
\blind@mathformula=\count157
\blind@Mathformula=\count158
\c@blind@randomcount=\count159
\c@blind@randommax=\count160
\c@blind@pangramcount=\count161
\c@blind@pangrammax=\count162
)
(/usr/share/texlive/texmf-dist/tex/latex/tools/theorem.sty
Package: theorem 1995/11/23 v2.2c Theorem extension package (FMi)
\theorem@style=\toks30
\theorem@bodyfont=\toks31
\theorempreskipamount=\skip72
\theorempostskipamount=\skip73

(/usr/share/texlive/texmf-dist/tex/latex/tools/thp.sty
File: thp.sty 1995/11/23 v2.2c Theorem extension package (FMi)
))
(/usr/share/texlive/texmf-dist/tex/latex/tools/thb.sty
File: thb.sty 1995/11/23 v2.2c Theorem extension package (FMi)
)
\c@thm=\count163
\c@lem=\count164
\c@defini=\count165
\c@corola=\count166

(/usr/share/texlive/texmf-dist/tex/latex/algorithms/algorithm.sty
Package: algorithm 2009/08/24 v0.1 Document Style `algorithm' - floating enviro
nment
\@float@every@algorithm=\toks32
\c@algorithm=\count167
)
(/usr/share/texlive/texmf-dist/tex/latex/algorithmicx/algpseudocode.sty
Package: algpseudocode 

(/usr/share/texlive/texmf-dist/tex/latex/algorithmicx/algorithmicx.sty
Package: algorithmicx 2005/04/27 v1.2 Algorithmicx

Document Style algorithmicx 1.2 - a greatly improved `algorithmic' style
\c@ALG@line=\count168
\c@ALG@rem=\count169
\c@ALG@nested=\count170
\ALG@tlm=\skip74
\ALG@thistlm=\skip75
\c@ALG@Lnr=\count171
\c@ALG@blocknr=\count172
\c@ALG@storecount=\count173
\c@ALG@tmpcounter=\count174
\ALG@tmplength=\skip76
)
Document Style - pseudocode environments for use with the `algorithmicx' style
) (/usr/share/texlive/texmf-dist/tex/generic/xypic/xy.sty
(/usr/share/texlive/texmf-dist/tex/generic/xypic/xy.tex Bootstrap'ing:
catcodes, docmode, (/usr/share/texlive/texmf-dist/tex/generic/xypic/xyrecat.tex
) (/usr/share/texlive/texmf-dist/tex/generic/xypic/xyidioms.tex)

 Xy-pic version 3.8.9 <2013/10/06>
 Copyright (c) 1991-2013 by Kristoffer H. Rose <krisrose@tug.org> and others
 Xy-pic is free software: see the User's Guide for details.

Loading kernel: messages; fonts; allocations: state,
\X@c=\dimen157
\Y@c=\dimen158
\U@c=\dimen159
\D@c=\dimen160
\L@c=\dimen161
\R@c=\dimen162
\Edge@c=\toks33
\X@p=\dimen163
\Y@p=\dimen164
\U@p=\dimen165
\D@p=\dimen166
\L@p=\dimen167
\R@p=\dimen168
\Edge@p=\toks34
\X@origin=\dimen169
\Y@origin=\dimen170
\X@xbase=\dimen171
\Y@xbase=\dimen172
\X@ybase=\dimen173
\Y@ybase=\dimen174
\X@min=\dimen175
\Y@min=\dimen176
\X@max=\dimen177
\Y@max=\dimen178
\lastobjectbox@=\box60
\zerodotbox@=\box61
\almostz@=\dimen179
 direction,
\d@X=\dimen180
\d@Y=\dimen181
\K@=\count175
\KK@=\count176
\Direction=\count177
\K@dXdY=\dimen182
\K@dYdX=\dimen183
\xyread@=\read1
\xywrite@=\write3
\csp@=\count178
\quotPTK@=\dimen184

utility macros; pictures: \xy, positions,
\swaptoks@@=\toks35
\connectobjectbox@@=\box62
 objects,
\styletoks@=\toks36
 decorations;
kernel objects: directionals, circles, text; options; algorithms: directions,
edges, connections;  Xy-pic loaded)
Package: xy 2013/10/06 Xy-pic version 3.8.9

(/usr/share/texlive/texmf-dist/tex/generic/xypic/xyall.tex
 Xy-pic option: All features v.3.8
(/usr/share/texlive/texmf-dist/tex/generic/xypic/xycurve.tex
 Xy-pic option: Curve and Spline extension v.3.12 curve,
\crv@cnt@=\count179
\crvpts@=\toks37
\splinebox@=\box63
\splineval@=\dimen185
\splinedepth@=\dimen186
\splinetol@=\dimen187
\splinelength@=\dimen188
 circles,
\L@=\dimen189
 loaded)
(/usr/share/texlive/texmf-dist/tex/generic/xypic/xyframe.tex
 Xy-pic option: Frame and Bracket extension v.3.14 loaded)
(/usr/share/texlive/texmf-dist/tex/generic/xypic/xycmtip.tex
 Xy-pic option: Computer Modern tip extension v.3.7
(/usr/share/texlive/texmf-dist/tex/generic/xypic/xytips.tex
 Xy-pic option: More Tips extension v.3.11 loaded) loaded)
(/usr/share/texlive/texmf-dist/tex/generic/xypic/xyline.tex
 Xy-pic option: Line styles extension v.3.10
\xylinethick@=\dimen190
 loaded)
(/usr/share/texlive/texmf-dist/tex/generic/xypic/xyrotate.tex
 Xy-pic option: Rotate and Scale extension v.3.8 loaded)
(/usr/share/texlive/texmf-dist/tex/generic/xypic/xycolor.tex
 Xy-pic option: Colour extension v.3.11 loaded)
(/usr/share/texlive/texmf-dist/tex/generic/xypic/xymatrix.tex
 Xy-pic option: Matrix feature v.3.14
\Row=\count180
\Col=\count181
\queue@=\toks38
\queue@@=\toks39
\qcount@=\count182
\qcount@@=\count183
\matrixsize@=\count184
 loaded)
(/usr/share/texlive/texmf-dist/tex/generic/xypic/xyarrow.tex
 Xy-pic option: Arrow and Path feature v.3.9 path, \ar, loaded)
(/usr/share/texlive/texmf-dist/tex/generic/xypic/xygraph.tex
 Xy-pic option: Graph feature v.3.11 loaded) loaded)
(/usr/share/texlive/texmf-dist/tex/generic/xypic/xypdf.tex
 Xy-pic option: PDF driver v.1.7 Xy-pic pdf driver: `color' extension support
(/usr/share/texlive/texmf-dist/tex/generic/xypic/xypdf-co.tex loaded)
Xy-pic pdf driver: `curve' extension support
(/usr/share/texlive/texmf-dist/tex/generic/xypic/xypdf-cu.tex loaded)
Xy-pic pdf driver: `frame' extension support
(/usr/share/texlive/texmf-dist/tex/generic/xypic/xypdf-fr.tex loaded)
Xy-pic pdf driver: `line' extension support
(/usr/share/texlive/texmf-dist/tex/generic/xypic/xypdf-li.tex loaded)
Xy-pic pdf driver: `rotate' extension support
(/usr/share/texlive/texmf-dist/tex/generic/xypic/xypdf-ro.tex loaded) loaded))
\@input{Latex/Macros/MacroFile1.aux}
\openout2 = `Latex/Macros/MacroFile1.aux'.

(./Latex/Macros/MacroFile1.tex) (./tesis.aux
LaTeX Info: Redefining \. on input line 21.
LaTeX Info: Redefining \% on input line 21.
 (./Agradecimientos/Dedicatoria.aux) (./Declaracion/Declaracion.aux) (./introdu
ccion/introduccion.aux)
(./Capitulo1/preliminares.aux) (./Capitulo2/parametrizacion.aux)
(./Capitulo3/Henon.aux

LaTeX Warning: Label `Henon2' multiply defined.


LaTeX Warning: Label `Henon3' multiply defined.

) (./Capitulo4/conclusiones-p.aux))
\openout1 = `tesis.aux'.

LaTeX Font Info:    Checking defaults for OML/cmm/m/it on input line 74.
LaTeX Font Info:    ... okay on input line 74.
LaTeX Font Info:    Checking defaults for T1/cmr/m/n on input line 74.
LaTeX Font Info:    ... okay on input line 74.
LaTeX Font Info:    Checking defaults for OT1/cmr/m/n on input line 74.
LaTeX Font Info:    ... okay on input line 74.
LaTeX Font Info:    Checking defaults for OMS/cmsy/m/n on input line 74.
LaTeX Font Info:    ... okay on input line 74.
LaTeX Font Info:    Checking defaults for OMX/cmex/m/n on input line 74.
LaTeX Font Info:    ... okay on input line 74.
LaTeX Font Info:    Checking defaults for U/cmr/m/n on input line 74.
LaTeX Font Info:    ... okay on input line 74.
LaTeX Font Info:    Checking defaults for PD1/pdf/m/n on input line 74.
LaTeX Font Info:    ... okay on input line 74.
\c@lstlisting=\count185
Package caption Info: Begin \AtBeginDocument code.
Package caption Info: float package is loaded.
Package caption Info: hyperref package is loaded.
Package caption Info: subfigure package is loaded.
Package caption Info: End \AtBeginDocument code.
LaTeX Info: Redefining \. on input line 74.
LaTeX Info: Redefining \% on input line 74.

(/usr/share/texlive/texmf-dist/tex/context/base/supp-pdf.mkii
[Loading MPS to PDF converter (version 2006.09.02).]
\scratchcounter=\count186
\scratchdimen=\dimen191
\scratchbox=\box64
\nofMPsegments=\count187
\nofMParguments=\count188
\everyMPshowfont=\toks40
\MPscratchCnt=\count189
\MPscratchDim=\dimen192
\MPnumerator=\count190
\makeMPintoPDFobject=\count191
\everyMPtoPDFconversion=\toks41
)
\AtBeginShipoutBox=\box65
Package backref Info: ** backref set up for natbib ** on input line 74.
Package hyperref Info: Link coloring ON on input line 74.
 (/usr/share/texlive/texmf-dist/tex/latex/hyperref/nameref.sty
Package: nameref 2012/10/27 v2.43 Cross-referencing by name of section

(/usr/share/texlive/texmf-dist/tex/generic/oberdiek/gettitlestring.sty
Package: gettitlestring 2010/12/03 v1.4 Cleanup title references (HO)
)
\c@section@level=\count192
)
LaTeX Info: Redefining \ref on input line 74.
LaTeX Info: Redefining \pageref on input line 74.
LaTeX Info: Redefining \nameref on input line 74.

(./tesis.out) (./tesis.out)
\@outlinefile=\write4
\openout4 = `tesis.out'.


(/usr/share/texlive/texmf-dist/tex/latex/oberdiek/epstopdf-base.sty
Package: epstopdf-base 2010/02/09 v2.5 Base part for package epstopdf

(/usr/share/texlive/texmf-dist/tex/latex/oberdiek/grfext.sty
Package: grfext 2010/08/19 v1.1 Manage graphics extensions (HO)
)
Package grfext Info: Graphics extension search list:
(grfext)             [.png,.jpg,.pdf,.eps]
(grfext)             \AppendGraphicsExtensions on input line 452.

(/usr/share/texlive/texmf-dist/tex/latex/latexconfig/epstopdf-sys.cfg
File: epstopdf-sys.cfg 2010/07/13 v1.3 Configuration of (r)epstopdf for TeX Liv
e
))
LaTeX Font Info:    Try loading font information for U+msa on input line 74.

(/usr/share/texlive/texmf-dist/tex/latex/amsfonts/umsa.fd
File: umsa.fd 2013/01/14 v3.01 AMS symbols A
)
LaTeX Font Info:    Try loading font information for U+msb on input line 74.

(/usr/share/texlive/texmf-dist/tex/latex/amsfonts/umsb.fd
File: umsb.fd 2013/01/14 v3.01 AMS symbols B
)
LaTeX Font Info:    Try loading font information for U+rsfs on input line 74.

(/usr/share/texlive/texmf-dist/tex/latex/jknapltx/ursfs.fd
File: ursfs.fd 1998/03/24 rsfs font definition file (jk)
)
Package xypdf Info: Line width: 0.43799pt on input line 74.

<Latex/Classes/Escudos/unam_azul_5x5cm.pdf, id=92, 142.26376pt x 142.26376pt>
File: Latex/Classes/Escudos/unam_azul_5x5cm.pdf Graphic file (type pdf)

<use Latex/Classes/Escudos/unam_azul_5x5cm.pdf>
Package pdftex.def Info: Latex/Classes/Escudos/unam_azul_5x5cm.pdf used on inpu
t line 75.
(pdftex.def)             Requested size: 73.97975pt x 73.97733pt.

<Latex/Classes/Escudos/fi_azul.pdf, id=93, 597.23125pt x 845.1575pt>
File: Latex/Classes/Escudos/fi_azul.pdf Graphic file (type pdf)

<use Latex/Classes/Escudos/fi_azul.pdf>
Package pdftex.def Info: Latex/Classes/Escudos/fi_azul.pdf used on input line 7
5.
(pdftex.def)             Requested size: 52.27219pt x 73.97733pt.

Overfull \vbox (255.31291pt too high) detected at line 75
 []


Underfull \hbox (badness 10000) detected at line 75
\OT1/cmr/m/n/24.88 T E S I S
 []


Overfull \vbox (230.71404pt too high) detected at line 75
 []

[1



\FN@pp@footnotehinttrue 

{/var/lib/texmf/fonts/map/pdftex/updmap/pdftex.map} <./Latex/Classes/Escudos/un
am_azul_5x5cm.pdf> <./Latex/Classes/Escudos/fi_azul.pdf>] [2

]
\openout2 = `Agradecimientos/Dedicatoria.aux'.


(./Agradecimientos/Dedicatoria.texpdfTeX warning (ext4): destination with the s
ame identifier (name{page.I}) has been already used, duplicate ignored
<to be read again> 
                   \relax 
l.6 \end{dedication}
                     [1

])
\openout2 = `Declaracion/Declaracion.aux'.

 (./Declaracion/Declaracion.texpdfTeX warning (ext4): destination with the same
 identifier (name{page.II}) has been already used, duplicate ignored
<to be read again> 
                   \relax 
l.3 \begin{declaration}
                        [2


] [3

])
\openout2 = `introduccion/introduccion.aux'.

 (./introduccion/introduccion.tex [4



]
Underfull \hbox (badness 10000) in paragraph at lines 3--4

 []


Underfull \hbox (badness 10000) in paragraph at lines 6--7

 []


Underfull \hbox (badness 10000) in paragraph at lines 12--13

 []

[5]
Underfull \hbox (badness 10000) in paragraph at lines 15--16

 []

)
LaTeX Info: Redefining \. on input line 83.
LaTeX Info: Redefining \% on input line 83.
 [6] (./tesis.toc
LaTeX Info: Redefining \. on input line 1.
LaTeX Info: Redefining \% on input line 1.


LaTeX Font Warning: Font shape `OT1/cmr/bx/sc' undefined
(Font)              using `OT1/cmr/bx/n' instead on input line 2.


Package spanish Warning: Replacing `OT1/cmr/bx/sc' by 
(spanish)                faked small caps on input line 2.

)
\tf@toc=\write5
\openout5 = `tesis.toc'.

 [7


] [8

]
\openout2 = `Capitulo1/preliminares.aux'.

 (./Capitulo1/preliminares.tex
Cap\'{\i }tulo 1.

Underfull \hbox (badness 10000) in paragraph at lines 8--10

 []


Underfull \hbox (badness 10000) in paragraph at lines 11--13

 []

[1


]
Underfull \hbox (badness 10000) in paragraph at lines 50--51

 []

LaTeX Info: Redefining \. on input line 51.
LaTeX Info: Redefining \% on input line 51.
[2]
Underfull \hbox (badness 10000) in paragraph at lines 52--53

 []


Underfull \hbox (badness 10000) in paragraph at lines 57--59

 []


Underfull \hbox (badness 10000) in paragraph at lines 76--79

 []

LaTeX Info: Redefining \. on input line 79.
LaTeX Info: Redefining \% on input line 79.
[3]
Underfull \hbox (badness 10000) in paragraph at lines 80--81

 []

<hyperbolic.png, id=222, 912.40875pt x 402.50375pt>
File: hyperbolic.png Graphic file (type png)
 <use hyperbolic.png>
Package pdftex.def Info: hyperbolic.png used on input line 84.
(pdftex.def)             Requested size: 273.72473pt x 120.75204pt.

Underfull \hbox (badness 10000) in paragraph at lines 110--110

 []

LaTeX Info: Redefining \. on input line 110.
LaTeX Info: Redefining \% on input line 110.
[4 <./hyperbolic.png>]
Underfull \hbox (badness 10000) in paragraph at lines 205--206

 []

LaTeX Info: Redefining \. on input line 206.
LaTeX Info: Redefining \% on input line 206.
[5]
LaTeX Info: Redefining \. on input line 241.
LaTeX Info: Redefining \% on input line 241.
 [6]
Underfull \hbox (badness 10000) in paragraph at lines 388--389

 []

LaTeX Info: Redefining \. on input line 389.
LaTeX Info: Redefining \% on input line 389.
[7] <xymatrix 2x2 182>
Underfull \hbox (badness 10000) in paragraph at lines 403--404

 []

LaTeX Info: Redefining \. on input line 404.
LaTeX Info: Redefining \% on input line 404.
[8]
Underfull \hbox (badness 10000) in paragraph at lines 410--412

 []

)
LaTeX Info: Redefining \. on input line 105.
LaTeX Info: Redefining \% on input line 105.
 [9]
\openout2 = `Capitulo2/parametrizacion.aux'.

 (./Capitulo2/parametrizacion.tex [10



]
Cap\'{\i }tulo 2.
[11]
Underfull \hbox (badness 10000) in paragraph at lines 56--58

 []

LaTeX Info: Redefining \. on input line 105.
LaTeX Info: Redefining \% on input line 105.
[12]
LaTeX Info: Redefining \. on input line 170.
LaTeX Info: Redefining \% on input line 170.
 [13]
Underfull \hbox (badness 10000) in paragraph at lines 208--210

 []

LaTeX Info: Redefining \. on input line 210.
LaTeX Info: Redefining \% on input line 210.
[14]
LaTeX Info: Redefining \. on input line 248.
LaTeX Info: Redefining \% on input line 248.
 [15]
Overfull \hbox (4.56827pt too wide) in paragraph at lines 254--256
\OT1/cmr/m/n/10.95 Usando las ecua-cio-nes [] y [] es-cri-bi-mos un sis-te-ma d
e ecua-cio-nes pa-ra $\OML/cmm/m/it/10.95 a[]; b[]$
 []


Underfull \hbox (badness 10000) in paragraph at lines 297--299

 []


Underfull \hbox (badness 10000) in paragraph at lines 307--309
\OT1/cmtt/m/n/10.95 Tesis-[]Variedades-[]Estables-[]e-[]inestables/$[][]\OT1/cm
r/m/n/10.95 .
 []


Underfull \hbox (badness 10000) in paragraph at lines 307--309

 []

LaTeX Info: Redefining \. on input line 309.
LaTeX Info: Redefining \% on input line 309.
[16]
LaTeX Info: Redefining \. on input line 353.
LaTeX Info: Redefining \% on input line 353.
 [17]
Underfull \hbox (badness 10000) in paragraph at lines 360--361

 []


Underfull \hbox (badness 10000) in paragraph at lines 362--363

 []

LaTeX Info: Redefining \. on input line 401.
LaTeX Info: Redefining \% on input line 401.
[18]
Underfull \hbox (badness 10000) in paragraph at lines 420--421

 []


Underfull \hbox (badness 10000) in paragraph at lines 422--423

 []

LaTeX Info: Redefining \. on input line 431.
LaTeX Info: Redefining \% on input line 431.
[19]
Underfull \hbox (badness 10000) in paragraph at lines 437--438

 []


Underfull \hbox (badness 10000) in paragraph at lines 439--440

 []

)
LaTeX Info: Redefining \. on input line 106.
LaTeX Info: Redefining \% on input line 106.
 [20]
\openout2 = `Capitulo3/Henon.aux'.

 (./Capitulo3/Henon.tex
Cap\'{\i }tulo 3.

Underfull \hbox (badness 10000) in paragraph at lines 7--8

 []

<estandark03.png, id=460, 488.5452pt x 408.3255pt>
File: estandark03.png Graphic file (type png)
 <use estandark03.png>
Package pdftex.def Info: estandark03.png used on input line 12.
(pdftex.def)             Requested size: 293.12938pt x 244.99718pt.

[21



] <error_est_k03.png, id=467, 513.8397pt x 407.6028pt>
File: error_est_k03.png Graphic file (type png)

<use error_est_k03.png>
Package pdftex.def Info: error_est_k03.png used on input line 19.
(pdftex.def)             Requested size: 308.3062pt x 244.56355pt.
 <estandark15.png, id=470, 488.5452pt x 408.3255pt>
File: estandark15.png Graphic file (type png)

<use estandark15.png>
Package pdftex.def Info: estandark15.png used on input line 27.
(pdftex.def)             Requested size: 293.12938pt x 244.99718pt.
LaTeX Info: Redefining \. on input line 31.
LaTeX Info: Redefining \% on input line 31.
 [22 <./estandark03.png> <./error_est_k03.png>]
<error_est_k15.png, id=481, 517.4532pt x 407.6028pt>
File: error_est_k15.png Graphic file (type png)
 <use error_est_k15.png>
Package pdftex.def Info: error_est_k15.png used on input line 34.
(pdftex.def)             Requested size: 310.4743pt x 244.56355pt.

<estandark07.png, id=484, 488.5452pt x 408.3255pt>
File: estandark07.png Graphic file (type png)
 <use estandark07.png>
Package pdftex.def Info: estandark07.png used on input line 44.
(pdftex.def)             Requested size: 293.12938pt x 244.99718pt.
LaTeX Info: Redefining \. on input line 48.
LaTeX Info: Redefining \% on input line 48.

[23 <./estandark15.png> <./error_est_k15.png>]
<error_est_k07.png, id=494, 513.8397pt x 407.6028pt>
File: error_est_k07.png Graphic file (type png)
 <use error_est_k07.png>
Package pdftex.def Info: error_est_k07.png used on input line 51.
(pdftex.def)             Requested size: 308.3062pt x 244.56355pt.

Underfull \hbox (badness 10000) in paragraph at lines 57--58

 []

LaTeX Info: Redefining \. on input line 58.
LaTeX Info: Redefining \% on input line 58.
[24 <./estandark07.png> <./error_est_k07.png>]
Underfull \hbox (badness 10000) in paragraph at lines 60--61

 []

<error_estandar_orden.png, id=511, 513.8397pt x 391.7034pt>
File: error_estandar_orden.png Graphic file (type png)

<use error_estandar_orden.png>
Package pdftex.def Info: error_estandar_orden.png used on input line 64.
(pdftex.def)             Requested size: 308.3062pt x 235.02385pt.
LaTeX Info: Redefining \. on input line 69.
LaTeX Info: Redefining \% on input line 69.
 [25 <./error_estandar_orden.png>]
<error_estandar_orden_big.png, id=520, 521.0667pt x 407.6028pt>
File: error_estandar_orden_big.png Graphic file (type png)

<use error_estandar_orden_big.png>
Package pdftex.def Info: error_estandar_orden_big.png used on input line 72.
(pdftex.def)             Requested size: 312.64243pt x 244.56355pt.

<mapeoinver.png, id=523, 517.4532pt x 407.6028pt>
File: mapeoinver.png Graphic file (type png)
 <use mapeoinver.png>
Package pdftex.def Info: mapeoinver.png used on input line 82.
(pdftex.def)             Requested size: 310.4743pt x 244.56355pt.
LaTeX Info: Redefining \. on input line 86.
LaTeX Info: Redefining \% on input line 86.
 [26 <./error_estandar_orden_big.png>]
LaTeX Info: Redefining \. on input line 125.
LaTeX Info: Redefining \% on input line 125.
 [27 <./mapeoinver.png>]
<henon1.png, id=544, 512.3943pt x 407.6028pt>
File: henon1.png Graphic file (type png)
 <use henon1.png>
Package pdftex.def Info: henon1.png used on input line 152.
(pdftex.def)             Requested size: 307.43895pt x 244.56355pt.
LaTeX Info: Redefining \. on input line 156.
LaTeX Info: Redefining \% on input line 156.
 [28]
<ErrorHenon1.png, id=555, 525.4029pt x 407.6028pt>
File: ErrorHenon1.png Graphic file (type png)
 <use ErrorHenon1.png>
Package pdftex.def Info: ErrorHenon1.png used on input line 159.
(pdftex.def)             Requested size: 315.24417pt x 244.56355pt.

Underfull \hbox (badness 10000) in paragraph at lines 163--164

 []

LaTeX Info: Redefining \. on input line 164.
LaTeX Info: Redefining \% on input line 164.
[29 <./henon1.png> <./ErrorHenon1.png>]
Underfull \hbox (badness 10000) in paragraph at lines 165--166

 []

<henon2.png, id=573, 512.3943pt x 407.6028pt>
File: henon2.png Graphic file (type png)
 <use henon2.png>
Package pdftex.def Info: henon2.png used on input line 170.
(pdftex.def)             Requested size: 307.43895pt x 244.56355pt.

<ErrorHenon2.png, id=574, 521.7894pt x 407.6028pt>
File: ErrorHenon2.png Graphic file (type png)
 <use ErrorHenon2.png>
Package pdftex.def Info: ErrorHenon2.png used on input line 177.
(pdftex.def)             Requested size: 313.07605pt x 244.56355pt.
LaTeX Info: Redefining \. on input line 181.
LaTeX Info: Redefining \% on input line 181.

[30 <./henon2.png>] <henon3.png, id=585, 512.3943pt x 407.6028pt>
File: henon3.png Graphic file (type png)

<use henon3.png>
Package pdftex.def Info: henon3.png used on input line 185.
(pdftex.def)             Requested size: 307.43895pt x 244.56355pt.
 <ErrorHenon3.png, id=586, 525.4029pt x 407.6028pt>
File: ErrorHenon3.png Graphic file (type png)

<use ErrorHenon3.png>
Package pdftex.def Info: ErrorHenon3.png used on input line 192.
(pdftex.def)             Requested size: 315.24417pt x 244.56355pt.
LaTeX Info: Redefining \. on input line 196.
LaTeX Info: Redefining \% on input line 196.
 [31 <./ErrorHenon2.png> <./henon3.png>]
Underfull \hbox (badness 10000) in paragraph at lines 220--222

 []

LaTeX Info: Redefining \. on input line 222.
LaTeX Info: Redefining \% on input line 222.
[32 <./ErrorHenon3.png>] <jung34.png, id=607, 517.4532pt x 407.6028pt>
File: jung34.png Graphic file (type png)

<use jung34.png>
Package pdftex.def Info: jung34.png used on input line 227.
(pdftex.def)             Requested size: 310.4743pt x 244.56355pt.
 <error_jung34.png, id=608, 517.4532pt x 407.6028pt>
File: error_jung34.png Graphic file (type png)

<use error_jung34.png>
Package pdftex.def Info: error_jung34.png used on input line 235.
(pdftex.def)             Requested size: 310.4743pt x 244.56355pt.
LaTeX Info: Redefining \. on input line 239.
LaTeX Info: Redefining \% on input line 239.
 [33 <./jung34.png>]
<jung57.png, id=620, 518.1759pt x 407.6028pt>
File: jung57.png Graphic file (type png)
 <use jung57.png>
Package pdftex.def Info: jung57.png used on input line 245.
(pdftex.def)             Requested size: 310.90793pt x 244.56355pt.

<error_jung57.png, id=621, 517.4532pt x 407.6028pt>
File: error_jung57.png Graphic file (type png)
 <use error_jung57.png>
Package pdftex.def Info: error_jung57.png used on input line 253.
(pdftex.def)             Requested size: 310.4743pt x 244.56355pt.
LaTeX Info: Redefining \. on input line 257.
LaTeX Info: Redefining \% on input line 257.

[34 <./error_jung34.png> <./jung57.png>]
Underfull \hbox (badness 10000) in paragraph at lines 261--262

 []

<converEst15.png, id=639, 524.6802pt x 396.7623pt>
File: converEst15.png Graphic file (type png)
 <use converEst15.png>
Package pdftex.def Info: converEst15.png used on input line 266.
(pdftex.def)             Requested size: 262.33946pt x 198.38066pt.
LaTeX Info: Redefining \. on input line 270.
LaTeX Info: Redefining \% on input line 270.

[35 <./error_jung57.png>] <converHenon1.png, id=647, 524.6802pt x 397.485pt>
File: converHenon1.png Graphic file (type png)

<use converHenon1.png>
Package pdftex.def Info: converHenon1.png used on input line 275.
(pdftex.def)             Requested size: 262.33946pt x 198.742pt.
LaTeX Info: Redefining \. on input line 282.
LaTeX Info: Redefining \% on input line 282.
 [36 <./converEst15.png> <./converHenon1.png>]
<convergenciaJungH57.png, id=660, 524.6802pt x 397.485pt>
File: convergenciaJungH57.png Graphic file (type png)

<use convergenciaJungH57.png>
Package pdftex.def Info: convergenciaJungH57.png used on input line 285.
(pdftex.def)             Requested size: 262.33946pt x 198.742pt.

<convergenciaJungT57.png, id=663, 513.8397pt x 397.485pt>
File: convergenciaJungT57.png Graphic file (type png)

<use convergenciaJungT57.png>
Package pdftex.def Info: convergenciaJungT57.png used on input line 293.
(pdftex.def)             Requested size: 256.91922pt x 198.742pt.
LaTeX Info: Redefining \. on input line 299.
LaTeX Info: Redefining \% on input line 299.
 [37 <./convergenciaJungH57.png> <./convergenciaJungT57.png>]
Underfull \hbox (badness 10000) in paragraph at lines 302--303

 []


Underfull \hbox (badness 10000) in paragraph at lines 304--305

 []

LaTeX Info: Redefining \. on input line 319.
LaTeX Info: Redefining \% on input line 319.
[38] <cruce_estandar.png, id=692, 586.8324pt x 442.2924pt>
File: cruce_estandar.png Graphic file (type png)

<use cruce_estandar.png>
Package pdftex.def Info: cruce_estandar.png used on input line 325.
(pdftex.def)             Requested size: 352.10216pt x 265.37749pt.

<error_cruces_estandar.png, id=694, 513.8397pt x 408.3255pt>
File: error_cruces_estandar.png Graphic file (type png)

<use error_cruces_estandar.png>
Package pdftex.def Info: error_cruces_estandar.png used on input line 333.
(pdftex.def)             Requested size: 308.3062pt x 244.99718pt.
LaTeX Info: Redefining \. on input line 337.
LaTeX Info: Redefining \% on input line 337.
 [39 <./cruce_estandar.png>]
LaTeX Info: Redefining \. on input line 349.
LaTeX Info: Redefining \% on input line 349.
 [40 <./error_cruces_estandar.png>] <crucesL.png, id=714, 684.5575pt x 537.0062
6pt>
File: crucesL.png Graphic file (type png)

<use crucesL.png>
Package pdftex.def Info: crucesL.png used on input line 358.
(pdftex.def)             Requested size: 342.27791pt x 268.50247pt.
 <cruce1.png, id=716, 596.2275pt x 788.9475pt>
File: cruce1.png Graphic file (type png)

<use cruce1.png>
Package pdftex.def Info: cruce1.png used on input line 366.
(pdftex.def)             Requested size: 113.81102pt x 150.5998pt.
 <cruce2.png, id=717, 558.085pt x 781.92125pt>
File: cruce2.png Graphic file (type png)

<use cruce2.png>
Package pdftex.def Info: cruce2.png used on input line 367.
(pdftex.def)             Requested size: 113.81102pt x 159.45972pt.
 <cruce3.png, id=718, 616.3025pt x 785.93625pt>
File: cruce3.png Graphic file (type png)

<use cruce3.png>
Package pdftex.def Info: cruce3.png used on input line 368.
(pdftex.def)             Requested size: 113.81102pt x 145.1321pt.
 <cruce5.png, id=719, 841.1425pt x 793.96625pt>
File: cruce5.png Graphic file (type png)

<use cruce5.png>
Package pdftex.def Info: cruce5.png used on input line 369.
(pdftex.def)             Requested size: 113.81102pt x 107.42311pt.
 <cruce6.png, id=720, 1082.0425pt x 786.94pt>
File: cruce6.png Graphic file (type png)
 <use cruce6.png>
Package pdftex.def Info: cruce6.png used on input line 370.
(pdftex.def)             Requested size: 113.81102pt x 82.76923pt.

<cruce7.png, id=721, 1149.29375pt x 783.92876pt>
File: cruce7.png Graphic file (type png)
 <use cruce7.png>
Package pdftex.def Info: cruce7.png used on input line 371.
(pdftex.def)             Requested size: 113.81102pt x 77.61995pt.

<cruce8.png, id=722, 1148.29pt x 791.95876pt>
File: cruce8.png Graphic file (type png)
 <use cruce8.png>
Package pdftex.def Info: cruce8.png used on input line 372.
(pdftex.def)             Requested size: 113.81102pt x 78.48753pt.

Underfull \hbox (badness 10000) in paragraph at lines 437--438

 []

LaTeX Info: Redefining \. on input line 438.
LaTeX Info: Redefining \% on input line 438.
[41 <./crucesL.png>]
LaTeX Info: Redefining \. on input line 438.
LaTeX Info: Redefining \% on input line 438.
 [42 <./cruce1.png> <./cruce2.png> <./cruce3.png> <./cruce5.png> <./cruce6.png>
 <./cruce7.png> <./cruce8.png>]
<HenonV.png, id=754, 586.8324pt x 442.2924pt>
File: HenonV.png Graphic file (type png)
 <use HenonV.png>
Package pdftex.def Info: HenonV.png used on input line 442.
(pdftex.def)             Requested size: 528.14427pt x 398.05948pt.

Overfull \hbox (115.57932pt too wide) in paragraph at lines 442--443
 [][] 
 []

LaTeX Info: Redefining \. on input line 451.
LaTeX Info: Redefining \% on input line 451.
[43 <./HenonV.png>] <cruces_jung1.png, id=765, 691.58376pt x 536.0025pt>
File: cruces_jung1.png Graphic file (type png)

<use cruces_jung1.png>
Package pdftex.def Info: cruces_jung1.png used on input line 459.
(pdftex.def)             Requested size: 345.79103pt x 268.0006pt.
 <cruce_a.png, id=767, 843.15pt x 786.94pt>
File: cruce_a.png Graphic file (type png)

<use cruce_a.png>
Package pdftex.def Info: cruce_a.png used on input line 468.
(pdftex.def)             Requested size: 113.81102pt x 106.2203pt.
 <cruce_b.png, id=768, 800.9925pt x 785.93625pt>
File: cruce_b.png Graphic file (type png)

<use cruce_b.png>
Package pdftex.def Info: cruce_b.png used on input line 469.
(pdftex.def)             Requested size: 113.81102pt x 111.66129pt.
 <cruce_c.png, id=769, 486.81876pt x 789.95125pt>
File: cruce_c.png Graphic file (type png)

<use cruce_c.png>
Package pdftex.def Info: cruce_c.png used on input line 470.
(pdftex.def)             Requested size: 142.26378pt x 230.83983pt.

Underfull \hbox (badness 10000) in paragraph at lines 501--502

 []

LaTeX Info: Redefining \. on input line 506.
LaTeX Info: Redefining \% on input line 506.
[44 <./cruces_jung1.png>]
LaTeX Info: Redefining \. on input line 506.
LaTeX Info: Redefining \% on input line 506.
 [45 <./cruce_a.png> <./cruce_b.png> <./cruce_c.png>]
<herradura.png, id=789, 664.4825pt x 635.37375pt>
File: herradura.png Graphic file (type png)
 <use herradura.png>
Package pdftex.def Info: herradura.png used on input line 511.
(pdftex.def)             Requested size: 232.57236pt x 222.38414pt.
LaTeX Info: Redefining \. on input line 517.
LaTeX Info: Redefining \% on input line 517.
 [46 <./herradura.png>] <rectangulo-fundamental.jpg, id=805, 711.65875pt x 566.
115pt>
File: rectangulo-fundamental.jpg Graphic file (type jpg)

<use rectangulo-fundamental.jpg>
Package pdftex.def Info: rectangulo-fundamental.jpg used on input line 523.
(pdftex.def)             Requested size: 284.65845pt x 226.44199pt.

<error-rectangulo.png, id=806, 532.6299pt x 407.6028pt>
File: error-rectangulo.png Graphic file (type png)

<use error-rectangulo.png>
Package pdftex.def Info: error-rectangulo.png used on input line 530.
(pdftex.def)             Requested size: 319.5804pt x 244.56355pt.
LaTeX Info: Redefining \. on input line 534.
LaTeX Info: Redefining \% on input line 534.
 [47 <./rectangulo-fundamental.jpg>]
<rectangulo1.png, id=821, 512.3943pt x 407.6028pt>
File: rectangulo1.png Graphic file (type png)
 <use rectangulo1.png>
Package pdftex.def Info: rectangulo1.png used on input line 562.
(pdftex.def)             Requested size: 256.19652pt x 203.80089pt.
LaTeX Info: Redefining \. on input line 566.
LaTeX Info: Redefining \% on input line 566.

[48 <./error-rectangulo.png>]
<error1ite.png, id=837, 723.70375pt x 567.11874pt>
File: error1ite.png Graphic file (type png)
 <use error1ite.png>
Package pdftex.def Info: error1ite.png used on input line 580.
(pdftex.def)             Requested size: 289.47636pt x 226.84348pt.


LaTeX Warning: `h' float specifier changed to `ht'.

<rectangulo2.png, id=844, 512.3943pt x 407.6028pt>
File: rectangulo2.png Graphic file (type png)
 <use rectangulo2.png>
Package pdftex.def Info: rectangulo2.png used on input line 589.
(pdftex.def)             Requested size: 256.19652pt x 203.80089pt.
LaTeX Info: Redefining \. on input line 593.
LaTeX Info: Redefining \% on input line 593.

[49 <./rectangulo1.png>] <error2ite.png, id=857, 723.70375pt x 567.11874pt>
File: error2ite.png Graphic file (type png)

<use error2ite.png>
Package pdftex.def Info: error2ite.png used on input line 596.
(pdftex.def)             Requested size: 289.47636pt x 226.84348pt.
LaTeX Info: Redefining \. on input line 600.
LaTeX Info: Redefining \% on input line 600.
 [50 <./error1ite.png> <./rectangulo2.png>]
<rectangulo3.png, id=864, 512.3943pt x 407.6028pt>
File: rectangulo3.png Graphic file (type png)
 <use rectangulo3.png>
Package pdftex.def Info: rectangulo3.png used on input line 604.
(pdftex.def)             Requested size: 256.19652pt x 203.80089pt.

<error3ite.png, id=865, 734.745pt x 567.11874pt>
File: error3ite.png Graphic file (type png)
 <use error3ite.png>
Package pdftex.def Info: error3ite.png used on input line 611.
(pdftex.def)             Requested size: 293.89279pt x 226.84348pt.
LaTeX Info: Redefining \. on input line 615.
LaTeX Info: Redefining \% on input line 615.
 [51 <./error2ite.png> <./rectangulo3.png>]
<rectangulo4A.png, id=874, 512.3943pt x 407.6028pt>
File: rectangulo4A.png Graphic file (type png)
 <use rectangulo4A.png>
Package pdftex.def Info: rectangulo4A.png used on input line 618.
(pdftex.def)             Requested size: 256.19652pt x 203.80089pt.

<error4ite.png, id=875, 734.745pt x 567.11874pt>
File: error4ite.png Graphic file (type png)
 <use error4ite.png>
Package pdftex.def Info: error4ite.png used on input line 625.
(pdftex.def)             Requested size: 293.89279pt x 226.84348pt.
LaTeX Info: Redefining \. on input line 629.
LaTeX Info: Redefining \% on input line 629.
 [52 <./error3ite.png> <./rectangulo4A.png>]
<rectangulo5.png, id=884, 512.3943pt x 407.6028pt>
File: rectangulo5.png Graphic file (type png)
 <use rectangulo5.png>
Package pdftex.def Info: rectangulo5.png used on input line 632.
(pdftex.def)             Requested size: 256.19652pt x 203.80089pt.

<error5ite.png, id=885, 734.745pt x 567.11874pt>
File: error5ite.png Graphic file (type png)
 <use error5ite.png>
Package pdftex.def Info: error5ite.png used on input line 639.
(pdftex.def)             Requested size: 293.89279pt x 226.84348pt.
LaTeX Info: Redefining \. on input line 643.
LaTeX Info: Redefining \% on input line 643.
 [53 <./error4ite.png> <./rectangulo5.png>]
Underfull \hbox (badness 10000) in paragraph at lines 647--648

 []

LaTeX Info: Redefining \. on input line 648.
LaTeX Info: Redefining \% on input line 648.
[54 <./error5ite.png>]
Underfull \hbox (badness 10000) in paragraph at lines 650--651

 []

)
LaTeX Info: Redefining \. on input line 107.
LaTeX Info: Redefining \% on input line 107.
 [55]
\openout2 = `Capitulo4/conclusiones-p.aux'.

 (./Capitulo4/conclusiones-p.tex [56



]
Cap\'{\i }tulo 4.

Underfull \hbox (badness 10000) in paragraph at lines 3--4

 []


Underfull \hbox (badness 10000) in paragraph at lines 5--6

 []


Underfull \hbox (badness 10000) in paragraph at lines 7--8

 []

[57]
Underfull \hbox (badness 10000) in paragraph at lines 9--10

 []


Underfull \hbox (badness 10000) in paragraph at lines 11--12

 []

)
LaTeX Info: Redefining \. on input line 109.
LaTeX Info: Redefining \% on input line 109.
 [58] (./tesis.bbl (./tesis.brf)
\tf@brf=\write6
\openout6 = `tesis.brf'.

 [59


]
Overfull \hbox (67.75731pt too wide) in paragraph at lines 78--78
[]\OT1/cmr/m/n/10.95 Validated nu-me-rics(paquete ju-lia).  url=https://github.
com/JuliaIntervals/ValidatedNumerics.jl.
 []


Overfull \hbox (86.76784pt too wide) in paragraph at lines 82--82
[]\OT1/cmr/m/n/10.95 Interval arith-me-tic(paquete ju-lia).  url=https://juliai
ntervals.github.io/IntervalArithmetic.jl/stable/.
 []


Overfull \hbox (78.61615pt too wide) in paragraph at lines 86--86
[]\OT1/cmr/m/n/10.95 Interval root fin-ding(paquete ju-lia).  url=https://githu
b.com/JuliaIntervals/IntervalRootFinding.jl.
 []

LaTeX Info: Redefining \. on input line 159.
LaTeX Info: Redefining \% on input line 159.
[60])
Package atveryend Info: Empty hook `BeforeClearDocument' on input line 132.
LaTeX Info: Redefining \. on input line 132.
LaTeX Info: Redefining \% on input line 132.
 [61]
Package atveryend Info: Empty hook `AfterLastShipout' on input line 132.
 (./tesis.aux
LaTeX Info: Redefining \. on input line 21.
LaTeX Info: Redefining \% on input line 21.
 (./Agradecimientos/Dedicatoria.aux)
(./Declaracion/Declaracion.aux) (./introduccion/introduccion.aux)
(./Capitulo1/preliminares.aux) (./Capitulo2/parametrizacion.aux)
(./Capitulo3/Henon.aux) (./Capitulo4/conclusiones-p.aux))
Package atveryend Info: Executing hook `AtVeryEndDocument' on input line 132.
Package atveryend Info: Executing hook `AtEndAfterFileList' on input line 132.
Package rerunfilecheck Info: File `tesis.out' has not changed.
(rerunfilecheck)             Checksum: 632601F48F50A4518530B8C7206F7377;1562.


Package rerunfilecheck Warning: File `tesis.brf' has changed.
(rerunfilecheck)                Rerun to get bibliographical references right.

Package rerunfilecheck Info: Checksums for `tesis.brf':
(rerunfilecheck)             Before: BDB0B62DE55FAF27A030D7EC708AA33C;1501
(rerunfilecheck)             After:  6552A55C2529884C5C32FA4976812326;1550.

LaTeX Font Warning: Some font shapes were not available, defaults substituted.


LaTeX Warning: There were multiply-defined labels.

Package atveryend Info: Empty hook `AtVeryVeryEnd' on input line 132.
 ) 
Here is how much of TeX's memory you used:
 15665 strings out of 494925
 232954 string characters out of 6178544
 383501 words of memory out of 5000000
 18192 multiletter control sequences out of 15000+600000
 20296 words of font info for 82 fonts, out of 8000000 for 9000
 62 hyphenation exceptions out of 8191
 43i,18n,46p,3237b,697s stack positions out of 5000i,500n,10000p,200000b,80000s
pdfTeX warning (dest): name{page.\\protect\040\\unhbox\040\\voidb@x\040\\hbox
\040{\\protect\040\\relax\040\\protect\040\\edef\040n{sc}\\protect\040\\afteras
signment\040\\edef\04010.95{10.95}\\afterassignment\040\\edef\04013.6pt{0.0pt\0
40plus\0401.0pt}\\edef\040{1.5}\\let\0401.5\\def\040\\size@update\040{\\baselin
eskip\04013.6pt\\relax\040\\baselineskip\040\\baselineskip\040\\normalbaselines
kip\040\\baselineskip\040\\setbox\040\\strutbox\040\\hbox\040{\\vrule\040height
.7\\baselineskip\040depth.3\\baselineskip\040width\\z@\040}\\let\040\\size@upda
te\040\\relax\040}\\xdef\040\\OT1/cmr/m/it/10.95\040{\\OT1/cmr/m/n/10.95\040}\\
OT1/cmr/m/it/10.95\040\\size@update\040\\enc@update\040\\protect\040\\afterassi
gnment\040\\edef\04010.95{10.95}\\afterassignment\040\\edef\04013.6pt{0.0pt\040
plus\0401.0pt}\\edef\040{1.5}\\let\0401.5\\def\040\\size@update\040{\\baselines
kip\04013.6pt\\relax\040\\baselineskip\040\\baselineskip\040\\normalbaselineski
p\040\\baselineskip\040\\setbox\040\\strutbox\040\\hbox\040{\\vrule\040height.7
\\baselineskip\040depth.3\\baselineskip\040width\\z@\040}\\let\040\\size@update
\040\\relax\040}\\xdef\040\\OT1/cmr/m/it/10.95\040{\\OT1/cmr/m/n/10.95\040}\\OT
1/cmr/m/it/10.95\040\\size@update\040\\enc@update\040\\gdef\04010.95{10.95}\\gd
ef\0408{8}\\gdef\0406{6}\\protect\040\\afterassignment\040\\edef\04010.95{10.95
}\\afterassignment\040\\edef\04013.6pt{0.0pt\040plus\0401.0pt}\\edef\040{1.5}\\
let\0401.5\\def\040\\size@update\040{\\baselineskip\04013.6pt\\relax\040\\basel
ineskip\040\\baselineskip\040\\normalbaselineskip\040\\baselineskip\040\\setbox
\040\\strutbox\040\\hbox\040{\\vrule\040height.7\\baselineskip\040depth.3\\base
lineskip\040width\\z@\040}\\let\040\\size@update\040\\relax\040}\\protect\040\\
afterassignment\040\\edef\04010.95{10.95}\\afterassignment\040\\edef\04013.6pt{
0.0pt\040plus\0401.0pt}\\edef\040{1.5}\\let\0401.5\\def\040\\size@update\040{\\
baselineskip\04013.6pt\\relax\040\\baselineskip\040\\baselineskip\040\\normalba
selineskip\040\\baselineskip\040\\setbox\040\\strutbox\040\\hbox\040{\\vrule\04
0height.7\\baselineskip\040depth.3\\baselineskip\040width\\z@\040}\\let\040\\si
ze@update\040\\relax\040}\\xdef\040\\OT1/cmr/m/it/10.95\040{\\OT1/cmr/m/n/10.95
\040}\\OT1/cmr/m/it/10.95\040\\size@update\040\\enc@update\040\\protect\040\\be
gingroup\040\\def\040\\MessageBreak\040{\012\(spanish\)\040\040\040\040\040\040
\040\040\040\040\040\040\040\040\040\040}\\let\040\\protect\040\\immediate\\wri
te\040\\@unused\040{\012Package\040spanish\040Warning:\040Replacing\040`OT1/cmr
/m/n'\040by\040\\MessageBreak\040faked\040small\040caps\040on\040input\040line\
04020.\012}\\endgroup\040\\uppercase\040{vi}}} has been referenced but does not
 exist, replaced by a fixed one

pdfTeX warning (dest): name{page.\\protect\040\\unhbox\040\\voidb@x\040\\hbox\0
40{\\protect\040\\relax\040\\protect\040\\edef\040n{sc}\\protect\040\\afterassi
gnment\040\\edef\04010.95{10.95}\\afterassignment\040\\edef\04013.6pt{0.0pt\040
plus\0401.0pt}\\edef\040{1.5}\\let\0401.5\\def\040\\size@update\040{\\baselines
kip\04013.6pt\\relax\040\\baselineskip\040\\baselineskip\040\\normalbaselineski
p\040\\baselineskip\040\\setbox\040\\strutbox\040\\hbox\040{\\vrule\040height.7
\\baselineskip\040depth.3\\baselineskip\040width\\z@\040}\\let\040\\size@update
\040\\relax\040}\\xdef\040\\OT1/cmr/m/sc/10.95\040{\\OT1/cmr/m/n/10.95\040}\\OT
1/cmr/m/sc/10.95\040\\size@update\040\\enc@update\040\\protect\040\\afterassign
ment\040\\edef\04010.95{10.95}\\afterassignment\040\\edef\04013.6pt{0.0pt\040pl
us\0401.0pt}\\edef\040{1.5}\\let\0401.5\\def\040\\size@update\040{\\baselineski
p\04013.6pt\\relax\040\\baselineskip\040\\baselineskip\040\\normalbaselineskip\
040\\baselineskip\040\\setbox\040\\strutbox\040\\hbox\040{\\vrule\040height.7\\
baselineskip\040depth.3\\baselineskip\040width\\z@\040}\\let\040\\size@update\0
40\\relax\040}\\xdef\040\\OT1/cmr/m/sc/10.95\040{\\OT1/cmr/m/n/10.95\040}\\OT1/
cmr/m/sc/10.95\040\\size@update\040\\enc@update\040\\gdef\04010.95{10.95}\\gdef
\0408{8}\\gdef\0406{6}\\protect\040\\afterassignment\040\\edef\04010.95{10.95}\
\afterassignment\040\\edef\04013.6pt{0.0pt\040plus\0401.0pt}\\edef\040{1.5}\\le
t\0401.5\\def\040\\size@update\040{\\baselineskip\04013.6pt\\relax\040\\baselin
eskip\040\\baselineskip\040\\normalbaselineskip\040\\baselineskip\040\\setbox\0
40\\strutbox\040\\hbox\040{\\vrule\040height.7\\baselineskip\040depth.3\\baseli
neskip\040width\\z@\040}\\let\040\\size@update\040\\relax\040}\\protect\040\\af
terassignment\040\\edef\04010.95{10.95}\\afterassignment\040\\edef\04013.6pt{0.
0pt\040plus\0401.0pt}\\edef\040{1.5}\\let\0401.5\\def\040\\size@update\040{\\ba
selineskip\04013.6pt\\relax\040\\baselineskip\040\\baselineskip\040\\normalbase
lineskip\040\\baselineskip\040\\setbox\040\\strutbox\040\\hbox\040{\\vrule\040h
eight.7\\baselineskip\040depth.3\\baselineskip\040width\\z@\040}\\let\040\\size
@update\040\\relax\040}\\xdef\040\\OT1/cmr/m/sc/10.95\040{\\OT1/cmr/m/n/10.95\0
40}\\OT1/cmr/m/sc/10.95\040\\size@update\040\\enc@update\040\\protect\040\\begi
ngroup\040\\def\040\\MessageBreak\040{\012\(spanish\)\040\040\040\040\040\040\0
40\040\040\040\040\040\040\040\040\040}\\let\040\\protect\040\\immediate\\write
\040\\@unused\040{\012Package\040spanish\040Warning:\040Replacing\040`OT1/cmr/m
/n'\040by\040\\MessageBreak\040faked\040small\040caps\040on\040input\040line\04
014.\012}\\endgroup\040\\uppercase\040{vi}}} has been referenced but does not e
xist, replaced by a fixed one

pdfTeX warning (dest): name{page.\\protect\040\\unhbox\040\\voidb@x\040\\hbox\0
40{\\protect\040\\relax\040\\protect\040\\edef\040n{sc}\\protect\040\\afterassi
gnment\040\\edef\04010.95{10.95}\\afterassignment\040\\edef\04013.6pt{0.0pt\040
plus\0401.0pt}\\edef\040{1.5}\\let\0401.5\\def\040\\size@update\040{\\baselines
kip\04013.6pt\\relax\040\\baselineskip\040\\baselineskip\040\\normalbaselineski
p\040\\baselineskip\040\\setbox\040\\strutbox\040\\hbox\040{\\vrule\040height.7
\\baselineskip\040depth.3\\baselineskip\040width\\z@\040}\\let\040\\size@update
\040\\relax\040}\\xdef\040\\OT1/cmr/m/sc/10.95\040{\\OT1/cmr/m/n/10.95\040}\\OT
1/cmr/m/sc/10.95\040\\size@update\040\\enc@update\040\\protect\040\\afterassign
ment\040\\edef\04010.95{10.95}\\afterassignment\040\\edef\04013.6pt{0.0pt\040pl
us\0401.0pt}\\edef\040{1.5}\\let\0401.5\\def\040\\size@update\040{\\baselineski
p\04013.6pt\\relax\040\\baselineskip\040\\baselineskip\040\\normalbaselineskip\
040\\baselineskip\040\\setbox\040\\strutbox\040\\hbox\040{\\vrule\040height.7\\
baselineskip\040depth.3\\baselineskip\040width\\z@\040}\\let\040\\size@update\0
40\\relax\040}\\xdef\040\\OT1/cmr/m/sc/10.95\040{\\OT1/cmr/m/n/10.95\040}\\OT1/
cmr/m/sc/10.95\040\\size@update\040\\enc@update\040\\gdef\04010.95{10.95}\\gdef
\0408{8}\\gdef\0406{6}\\protect\040\\afterassignment\040\\edef\04010.95{10.95}\
\afterassignment\040\\edef\04013.6pt{0.0pt\040plus\0401.0pt}\\edef\040{1.5}\\le
t\0401.5\\def\040\\size@update\040{\\baselineskip\04013.6pt\\relax\040\\baselin
eskip\040\\baselineskip\040\\normalbaselineskip\040\\baselineskip\040\\setbox\0
40\\strutbox\040\\hbox\040{\\vrule\040height.7\\baselineskip\040depth.3\\baseli
neskip\040width\\z@\040}\\let\040\\size@update\040\\relax\040}\\protect\040\\af
terassignment\040\\edef\04010.95{10.95}\\afterassignment\040\\edef\04013.6pt{0.
0pt\040plus\0401.0pt}\\edef\040{1.5}\\let\0401.5\\def\040\\size@update\040{\\ba
selineskip\04013.6pt\\relax\040\\baselineskip\040\\baselineskip\040\\normalbase
lineskip\040\\baselineskip\040\\setbox\040\\strutbox\040\\hbox\040{\\vrule\040h
eight.7\\baselineskip\040depth.3\\baselineskip\040width\\z@\040}\\let\040\\size
@update\040\\relax\040}\\xdef\040\\OT1/cmr/m/sc/10.95\040{\\OT1/cmr/m/n/10.95\0
40}\\OT1/cmr/m/sc/10.95\040\\size@update\040\\enc@update\040\\protect\040\\begi
ngroup\040\\def\040\\MessageBreak\040{\012\(spanish\)\040\040\040\040\040\040\0
40\040\040\040\040\040\040\040\040\040}\\let\040\\protect\040\\immediate\\write
\040\\@unused\040{\012Package\040spanish\040Warning:\040Replacing\040`OT1/cmr/m
/n'\040by\040\\MessageBreak\040faked\040small\040caps\040on\040input\040line\04
014.\012}\\endgroup\040\\uppercase\040{v}}} has been referenced but does not ex
ist, replaced by a fixed one

pdfTeX warning (dest): name{page.\\protect\040\\unhbox\040\\voidb@x\040\\hbox\0
40{\\protect\040\\relax\040\\protect\040\\edef\040n{sc}\\protect\040\\afterassi
gnment\040\\edef\04010.95{10.95}\\afterassignment\040\\edef\04013.6pt{0.0pt\040
plus\0401.0pt}\\edef\040{1.5}\\let\0401.5\\def\040\\size@update\040{\\baselines
kip\04013.6pt\\relax\040\\baselineskip\040\\baselineskip\040\\normalbaselineski
p\040\\baselineskip\040\\setbox\040\\strutbox\040\\hbox\040{\\vrule\040height.7
\\baselineskip\040depth.3\\baselineskip\040width\\z@\040}\\let\040\\size@update
\040\\relax\040}\\xdef\040\\OT1/cmr/m/it/10.95\040{\\OT1/cmr/m/n/10.95\040}\\OT
1/cmr/m/it/10.95\040\\size@update\040\\enc@update\040\\protect\040\\afterassign
ment\040\\edef\04010.95{10.95}\\afterassignment\040\\edef\04013.6pt{0.0pt\040pl
us\0401.0pt}\\edef\040{1.5}\\let\0401.5\\def\040\\size@update\040{\\baselineski
p\04013.6pt\\relax\040\\baselineskip\040\\baselineskip\040\\normalbaselineskip\
040\\baselineskip\040\\setbox\040\\strutbox\040\\hbox\040{\\vrule\040height.7\\
baselineskip\040depth.3\\baselineskip\040width\\z@\040}\\let\040\\size@update\0
40\\relax\040}\\xdef\040\\OT1/cmr/m/it/10.95\040{\\OT1/cmr/m/n/10.95\040}\\OT1/
cmr/m/it/10.95\040\\size@update\040\\enc@update\040\\gdef\04010.95{10.95}\\gdef
\0408{8}\\gdef\0406{6}\\protect\040\\afterassignment\040\\edef\04010.95{10.95}\
\afterassignment\040\\edef\04013.6pt{0.0pt\040plus\0401.0pt}\\edef\040{1.5}\\le
t\0401.5\\def\040\\size@update\040{\\baselineskip\04013.6pt\\relax\040\\baselin
eskip\040\\baselineskip\040\\normalbaselineskip\040\\baselineskip\040\\setbox\0
40\\strutbox\040\\hbox\040{\\vrule\040height.7\\baselineskip\040depth.3\\baseli
neskip\040width\\z@\040}\\let\040\\size@update\040\\relax\040}\\protect\040\\af
terassignment\040\\edef\04010.95{10.95}\\afterassignment\040\\edef\04013.6pt{0.
0pt\040plus\0401.0pt}\\edef\040{1.5}\\let\0401.5\\def\040\\size@update\040{\\ba
selineskip\04013.6pt\\relax\040\\baselineskip\040\\baselineskip\040\\normalbase
lineskip\040\\baselineskip\040\\setbox\040\\strutbox\040\\hbox\040{\\vrule\040h
eight.7\\baselineskip\040depth.3\\baselineskip\040width\\z@\040}\\let\040\\size
@update\040\\relax\040}\\xdef\040\\OT1/cmr/m/it/10.95\040{\\OT1/cmr/m/n/10.95\0
40}\\OT1/cmr/m/it/10.95\040\\size@update\040\\enc@update\040\\protect\040\\begi
ngroup\040\\def\040\\MessageBreak\040{\012\(spanish\)\040\040\040\040\040\040\0
40\040\040\040\040\040\040\040\040\040}\\let\040\\protect\040\\immediate\\write
\040\\@unused\040{\012Package\040spanish\040Warning:\040Replacing\040`OT1/cmr/m
/n'\040by\040\\MessageBreak\040faked\040small\040caps\040on\040input\040line\04
08.\012}\\endgroup\040\\uppercase\040{v}}} has been referenced but does not exi
st, replaced by a fixed one

</usr/share/texlive/texmf-dist/fonts/type1/public/amsfonts/cm/cmbx10.pfb></usr/
share/texlive/texmf-dist/fonts/type1/public/amsfonts/cm/cmbx12.pfb></usr/share/
texlive/texmf-dist/fonts/type1/public/amsfonts/cm/cmbx8.pfb></usr/share/texlive
/texmf-dist/fonts/type1/public/amsfonts/cm/cmbx9.pfb></usr/share/texlive/texmf-
dist/fonts/type1/public/amsfonts/cm/cmbxsl10.pfb></usr/share/texlive/texmf-dist
/fonts/type1/public/amsfonts/cm/cmbxti10.pfb></usr/share/texlive/texmf-dist/fon
ts/type1/public/amsfonts/cm/cmcsc10.pfb></usr/share/texlive/texmf-dist/fonts/ty
pe1/public/amsfonts/cm/cmex10.pfb></usr/share/texlive/texmf-dist/fonts/type1/pu
blic/amsfonts/cm/cmmi10.pfb></usr/share/texlive/texmf-dist/fonts/type1/public/a
msfonts/cm/cmmi6.pfb></usr/share/texlive/texmf-dist/fonts/type1/public/amsfonts
/cm/cmmi7.pfb></usr/share/texlive/texmf-dist/fonts/type1/public/amsfonts/cm/cmm
i8.pfb></usr/share/texlive/texmf-dist/fonts/type1/public/amsfonts/cm/cmmi9.pfb>
</usr/share/texlive/texmf-dist/fonts/type1/public/amsfonts/cm/cmr10.pfb></usr/s
hare/texlive/texmf-dist/fonts/type1/public/amsfonts/cm/cmr12.pfb></usr/share/te
xlive/texmf-dist/fonts/type1/public/amsfonts/cm/cmr17.pfb></usr/share/texlive/t
exmf-dist/fonts/type1/public/amsfonts/cm/cmr6.pfb></usr/share/texlive/texmf-dis
t/fonts/type1/public/amsfonts/cm/cmr7.pfb></usr/share/texlive/texmf-dist/fonts/
type1/public/amsfonts/cm/cmr8.pfb></usr/share/texlive/texmf-dist/fonts/type1/pu
blic/amsfonts/cm/cmr9.pfb></usr/share/texlive/texmf-dist/fonts/type1/public/ams
fonts/cm/cmsl10.pfb></usr/share/texlive/texmf-dist/fonts/type1/public/amsfonts/
cm/cmsy10.pfb></usr/share/texlive/texmf-dist/fonts/type1/public/amsfonts/cm/cms
y6.pfb></usr/share/texlive/texmf-dist/fonts/type1/public/amsfonts/cm/cmsy8.pfb>
</usr/share/texlive/texmf-dist/fonts/type1/public/amsfonts/cm/cmti10.pfb></usr/
share/texlive/texmf-dist/fonts/type1/public/amsfonts/cm/cmtt10.pfb></usr/share/
texlive/texmf-dist/fonts/type1/public/amsfonts/symbols/msbm10.pfb></usr/share/t
exlive/texmf-dist/fonts/type1/public/xypic/xyatip10.pfb></usr/share/texlive/tex
mf-dist/fonts/type1/public/xypic/xybtip10.pfb>
Output written on tesis.pdf (71 pages, 2720845 bytes).
PDF statistics:
 1133 PDF objects out of 1200 (max. 8388607)
 902 compressed objects within 10 object streams
 280 named destinations out of 1000 (max. 500000)
 447 words of extra memory for PDF output out of 10000 (max. 10000000)

