\BOOKMARK [0][]{chapter*.2}{Introducci\363n}{}% 1
\BOOKMARK [0][]{chapter.1}{1 Sistemas Hamiltonianos de dos dimensiones}{}% 2
\BOOKMARK [1][]{section.1.1}{1.1 Sistemas din\341micos}{chapter.1}% 3
\BOOKMARK [1][]{section.1.2}{1.2 Mapeos}{chapter.1}% 4
\BOOKMARK [1][]{section.1.3}{1.3 Conjuntos invariantes}{chapter.1}% 5
\BOOKMARK [1][]{section.1.4}{1.4 Sistemas Hamiltonianos}{chapter.1}% 6
\BOOKMARK [1][]{section.1.5}{1.5 M\351todo de parametrizaci\363n}{chapter.1}% 7
\BOOKMARK [0][]{chapter.2}{2 M\351todo de parametrizaci\363n}{}% 8
\BOOKMARK [1][]{section.2.1}{2.1 Desarrollo expl\355cito del mapeo est\341ndar}{chapter.2}% 9
\BOOKMARK [1][]{section.2.2}{2.2 Implementaci\363n del m\351todo}{chapter.2}% 10
\BOOKMARK [0][]{chapter.3}{3 Ejemplos de aplicaci\363n del m\351todo}{}% 11
\BOOKMARK [1][]{section.3.1}{3.1 Mapeo Est\341ndar}{chapter.3}% 12
\BOOKMARK [1][]{section.3.2}{3.2 Mapeo de H\351non}{chapter.3}% 13
\BOOKMARK [1][]{section.3.3}{3.3 Mapeo exponencial}{chapter.3}% 14
\BOOKMARK [1][]{section.3.4}{3.4 Convergencia}{chapter.3}% 15
\BOOKMARK [1][]{section.3.5}{3.5 Existencia de puntos homocl\355nicos/heterocl\355nicos}{chapter.3}% 16
\BOOKMARK [2][]{subsection.3.5.1}{3.5.1 Est\341ndar}{section.3.5}% 17
\BOOKMARK [2][]{subsection.3.5.2}{3.5.2 H\351non}{section.3.5}% 18
\BOOKMARK [2][]{subsection.3.5.3}{3.5.3 Mapeo exponencial}{section.3.5}% 19
\BOOKMARK [1][]{section.3.6}{3.6 Rect\341ngulo fundamental}{chapter.3}% 20
\BOOKMARK [0][]{chapter.4}{4 Resumen y perspectivas}{}% 21
\BOOKMARK [0][]{appendix*.56}{Bibliograf\355a}{}% 22
